


1B-043B                                                                          





                              ----------------
                              INITIAL SOLUTION
                              ----------------



          TEMPERATURE =  29.80 DEGREES C    PH =  8.090
          ANALYTICAL EPMCAT =    3.011    ANALYTICAL EPMAN =    3.013


     ***** OXIDATION - REDUCTION *****


 DISSOLVED OXYGEN =  0.000 MMOLES/KG H2O
 EH MEASURED WITH CALOMEL =  9.9000 VOLTS         FLAG CORALK PECALC IDAVES
 MEASURED EH OF ZOBELL SOLUTION =  9.9000 VOLTS     4    0      1      0
 CORRECTED EH =  0.0000 VOLTS
 PE COMPUTED FROM CORRECTED EH =   0.000




               *** TOTAL CONCENTRATIONS OF INPUT SPECIES ***

                         TOTAL             LOG TOTAL            TOTAL
        SPECIES        MOLALITY            MOLALITY           MG/LITRE
        -------        --------            --------           --------

        Ca+2      2.0  7.84369E-04           -3.1055         3.14302E+01
        Mg+2      2.0  3.13747E-05           -4.5034         7.62606E-01
        Na+       1.0  1.34911E-03           -2.8700         3.10087E+01
        K+        1.0  3.13747E-05           -4.5034         1.22653E+00
        Cl-      -1.0  2.39046E-04           -3.6215         8.47293E+00
        HCO3-    -1.0  2.11316E-03           -2.6751         1.28910E+02
        SO4-2    -2.0  2.96417E-04           -3.5281         2.84677E+01
        NO3-     -1.0  5.73710E-05           -4.2413         8.03392E-01
        H3BO3     0.0  3.00000E-06           -5.5229         3.24225E-02
        F-       -1.0  9.56183E-06           -5.0195         1.81617E-01







 B-043B                                                                          








                      ****DESCRIPTION OF SOLUTION ****

          ANALYT.   COMP.         PH           ACTIVITY H2O =  0.9999
 EPMCAT     3.01      2.92       8.090         PCO2=  1.098567E-03
 EPMAN      3.01      2.92                     LOG PCO2 =  -2.9592
                              TEMPERATURE      PO2 =  7.023065E-50
 EH = 0.0000  PE =   0.000     29.80 DEG C     PCH4 =  3.496446E-46
 PE CALC S =    0.000                          CO2 TOT =  2.115084E-03
 PE CALC DOX=  0.000         IONIC STRENGTH    DENSITY =   1.0000
 PE SATO DOX=  0.000          3.963621E-03     TDS =     231.3MG/L
 TOT ALK =  2.113E+00 MEQ                      CARB ALK =  2.111E+00 MEQ
 ELECT   = -1.428E-06 MEQ                      CHARGE IMBALANCE =   -0.0%

 IN COMPUTING THE DISTRIBUTION OF SPECIES,
 PE =   0.000     EQUIVALENT EH =  0.000VOLTS





                         -----------------------
                         DISTRIBUTION OF SPECIES
                         -----------------------

  I  SPECIES         MOLALITY   ACTIVITY    LOG ACT    GAMMA

   1 H+       1.    8.6562E-09  8.1283E-09  -8.090  9.3902E-01
   2 E-      -1.    1.0000E+00  1.0000E+00   0.000  1.0000E+00
   4 Ca+2     2.    7.3227E-04  5.5951E-04  -3.252  7.6407E-01
   5 Mg+2     2.    2.9296E-05  2.2448E-05  -4.649  7.6624E-01
   6 Na+      1.    1.3460E-03  1.2571E-03  -2.901  9.3402E-01
   7 K+       1.    3.1326E-05  2.9223E-05  -4.534  9.3288E-01
  14 Cl-     -1.    2.3905E-04  2.2300E-04  -3.652  9.3288E-01
  15 CO3-2   -2.    1.5733E-05  1.2027E-05  -4.920  7.6446E-01
  16 SO4-2   -2.    2.6974E-04  2.0571E-04  -3.687  7.6264E-01
  17 NO3-    -1.    7.5315E-17  7.0203E-17 -16.154  9.3212E-01
  18 H3BO3    0.    2.7707E-06  2.7733E-06  -5.557  1.0009E+00
  20 F-      -1.    9.4884E-06  8.8504E-06  -5.053  9.3276E-01
  31 OH-     -1.    1.8813E-06  1.7548E-06  -5.756  9.3276E-01
  33 H2 AQ    0.    4.4584E-20  4.4624E-20 -19.350  1.0009E+00
  34 HCO3-   -1.    2.0358E-03  1.9036E-03  -2.720  9.3506E-01
  35 H2CO3    0.    3.2975E-05  3.3005E-05  -4.481  1.0009E+00
  40 HSO4-   -1.    1.9377E-10  1.8088E-10  -9.743  9.3348E-01
  48 NO2-    -1.    5.7371E-05  5.3477E-05  -4.272  9.3212E-01
  57 H2BO3-  -1.    2.2926E-07  2.1401E-07  -6.670  9.3348E-01
  58 BFOH3-  -1.    1.0998E-11  1.0267E-11 -10.989  9.3348E-01
  59 BF2OH2- -1.    8.4262E-17  7.8657E-17 -16.104  9.3348E-01
  60 BF3OH-  -1.    6.0967E-24  5.6912E-24 -23.245  9.3348E-01
  61 BF4-    -1.    1.7758E-30  1.6577E-30 -29.780  9.3348E-01
  69 HF AQ    0.    1.1762E-10  1.1773E-10  -9.929  1.0009E+00
  70 HF2-    -1.    4.4326E-15  4.1378E-15 -14.383  9.3348E-01
  75 CaOH+    1.    1.2237E-08  1.1423E-08  -7.942  9.3348E-01
  76 CaCO3    0.    1.2532E-05  1.2544E-05  -4.902  1.0009E+00
  77 CaHCO3+  1.    1.5525E-05  1.4516E-05  -4.838  9.3506E-01
  78 CaSO4    0.    2.3979E-05  2.4001E-05  -4.620  1.0009E+00
  79 CaHSO4   1.    1.1721E-12  1.0941E-12 -11.961  9.3348E-01
  83 CaF+     1.    5.1583E-08  4.8152E-08  -7.317  9.3348E-01
  85 MgOH+    1.    1.6297E-08  1.5213E-08  -7.818  9.3348E-01
  86 MgCO3    0.    2.7708E-07  2.7734E-07  -6.557  1.0009E+00
  87 MgHCO3+  1.    5.4845E-07  5.1197E-07  -6.291  9.3348E-01
  88 MgSO4    0.    1.2215E-06  1.2226E-06  -5.913  1.0009E+00
  92 MgF+     1.    1.5318E-08  1.4299E-08  -7.845  9.3348E-01
  93 NaOH     0.    1.0208E-09  1.0218E-09  -8.991  1.0009E+00
  94 NaCO3-  -1.    3.8275E-07  3.5729E-07  -6.447  9.3348E-01
  95 NaHCO3   0.    1.3390E-06  1.3402E-06  -5.873  1.0009E+00
  96 NaSO4-  -1.    1.4307E-06  1.3355E-06  -5.874  9.3348E-01
  98 NaF aq   0.    6.3966E-09  6.4024E-09  -8.194  1.0009E+00
  99 KOH      0.    1.2454E-11  1.2465E-11 -10.904  1.0009E+00
 100 KSO4-   -1.    4.9137E-08  4.5869E-08  -7.338  9.3348E-01





      PHASE      IAP       KT      LOG IAP  LOG KT    IAP/KT  LOG IAP/KT

   1 Calcite  6.729E-09 3.101E-09   -8.172   -8.508  2.170E+00    0.336
   2 Aragonit 6.729E-09 4.284E-09   -8.172   -8.368  1.571E+00    0.196
   3 Dolomite 1.817E-18 6.316E-18  -17.741  -17.200  2.877E-01   -0.541
   8 Gypsum   1.151E-07 2.609E-05   -6.939   -4.584  4.411E-03   -2.355
   9 Anhydrit 1.151E-07 4.126E-05   -6.939   -4.384  2.790E-03   -2.554
  13 Fluorite 4.383E-14 2.841E-11  -13.358  -10.547  1.543E-03   -2.812
  42 PCO2     3.301E-05 3.004E-02   -4.481   -1.522  1.099E-03   -2.959
  44 H2 gas   4.462E-20 6.754E-04  -19.350   -3.170  6.607E-17  -16.180



1C-123B                                                                          





                              ----------------
                              INITIAL SOLUTION
                              ----------------



          TEMPERATURE =  21.10 DEGREES C    PH =  7.890
          ANALYTICAL EPMCAT =    2.165    ANALYTICAL EPMAN =    2.165


     ***** OXIDATION - REDUCTION *****


 DISSOLVED OXYGEN =  0.000 MMOLES/KG H2O
 EH MEASURED WITH CALOMEL =  9.9000 VOLTS         FLAG CORALK PECALC IDAVES
 MEASURED EH OF ZOBELL SOLUTION =  9.9000 VOLTS     4    0      1      0
 CORRECTED EH =  0.0000 VOLTS
 PE COMPUTED FROM CORRECTED EH =   0.000




               *** TOTAL CONCENTRATIONS OF INPUT SPECIES ***

                         TOTAL             LOG TOTAL            TOTAL
        SPECIES        MOLALITY            MOLALITY           MG/LITRE
        -------        --------            --------           --------

        Ca+2      2.0  4.83070E-04           -3.3160         1.93577E+01
        Mg+2      2.0  9.52532E-05           -4.0211         2.31535E+00
        Na+       1.0  9.93355E-04           -3.0029         2.28327E+01
        K+        1.0  1.49684E-05           -4.8248         5.85181E-01
        H4SiO4    0.0  5.20000E-04           -3.2840         3.12381E+01
        Cl-      -1.0  2.60149E-04           -3.5848         9.22129E+00
        HCO3-    -1.0  1.46977E-03           -2.8328         8.96640E+01
        SO4-2    -2.0  1.36688E-04           -3.8643         1.31280E+01
        NO3-     -1.0  5.87907E-05           -4.2307         8.23306E-01
        H3BO3     0.0  6.00000E-06           -5.2218         6.48476E-02
        F-       -1.0  1.02884E-04           -3.9877         1.95425E+00







 C-123B                                                                          








                      ****DESCRIPTION OF SOLUTION ****

          ANALYT.   COMP.         PH           ACTIVITY H2O =  0.9999
 EPMCAT     2.16      2.13       7.890         PCO2=  1.092614E-03
 EPMAN      2.17      2.13                     LOG PCO2 =  -2.9615
                              TEMPERATURE      PO2 =  1.252942E-53
 EH = 0.0000  PE =   0.000     21.10 DEG C     PCH4 =  2.643104E-43
 PE CALC S =    0.000                          CO2 TOT =  1.496187E-03
 PE CALC DOX=  0.000         IONIC STRENGTH    DENSITY =   1.0000
 PE SATO DOX=  0.000          2.823055E-03     TDS =     191.2MG/L
 TOT ALK =  1.470E+00 MEQ                      CARB ALK =  1.463E+00 MEQ
 ELECT   =  3.443E-06 MEQ                      CHARGE IMBALANCE =    0.0%

 IN COMPUTING THE DISTRIBUTION OF SPECIES,
 PE =   0.000     EQUIVALENT EH =  0.000VOLTS





                         -----------------------
                         DISTRIBUTION OF SPECIES
                         -----------------------

  I  SPECIES         MOLALITY   ACTIVITY    LOG ACT    GAMMA

   1 H+       1.    1.3593E-08  1.2882E-08  -7.890  9.4774E-01
   2 E-      -1.    1.0000E+00  1.0000E+00   0.000  1.0000E+00
   4 Ca+2     2.    4.6650E-04  3.7161E-04  -3.430  7.9659E-01
   5 Mg+2     2.    9.1696E-05  7.3194E-05  -4.136  7.9822E-01
   6 Na+      1.    9.9203E-04  9.3654E-04  -3.028  9.4406E-01
   7 K+       1.    1.4958E-05  1.4109E-05  -4.850  9.4324E-01
  13 H4SiO4   0.    5.1457E-04  5.1490E-04  -3.288  1.0007E+00
  14 Cl-     -1.    2.6015E-04  2.4538E-04  -3.610  9.4324E-01
  15 CO3-2   -2.    5.7127E-06  4.5524E-06  -5.342  7.9690E-01
  16 SO4-2   -2.    1.2738E-04  1.0134E-04  -3.994  7.9553E-01
  17 NO3-    -1.    3.5821E-18  3.3768E-18 -17.471  9.4269E-01
  18 H3BO3    0.    5.7465E-06  5.7503E-06  -5.240  1.0007E+00
  20 F-      -1.    1.0207E-04  9.6267E-05  -4.017  9.4315E-01
  31 OH-     -1.    6.0965E-07  5.7499E-07  -6.240  9.4315E-01
  33 H2 AQ    0.    1.2213E-19  1.2221E-19 -18.913  1.0007E+00
  34 HCO3-   -1.    1.4377E-03  1.3584E-03  -2.867  9.4482E-01
  35 H2CO3    0.    4.1445E-05  4.1472E-05  -4.382  1.0007E+00
  40 HSO4-   -1.    1.2370E-10  1.1673E-10  -9.933  9.4367E-01
  48 NO2-    -1.    5.8791E-05  5.5422E-05  -4.256  9.4269E-01
  57 H2BO3-  -1.    2.5325E-07  2.3898E-07  -6.622  9.4367E-01
  58 BFOH3-  -1.    2.2406E-10  2.1144E-10  -9.675  9.4367E-01
  59 BF2OH2- -1.    2.9932E-14  2.8246E-14 -13.549  9.4367E-01
  60 BF3OH-  -1.    4.3756E-20  4.1292E-20 -19.384  9.4367E-01
  61 BF4-    -1.    2.2223E-25  2.0971E-25 -24.678  9.4367E-01
  69 HF AQ    0.    1.7337E-09  1.7348E-09  -8.761  1.0007E+00
  70 HF2-    -1.    6.5755E-13  6.2051E-13 -12.207  9.4367E-01
  75 CaOH+    1.    5.0726E-09  4.7869E-09  -8.320  9.4367E-01
  76 CaCO3    0.    2.6410E-06  2.6427E-06  -5.578  1.0007E+00
  77 CaHCO3+  1.    6.3895E-06  6.0370E-06  -5.219  9.4482E-01
  78 CaSO4    0.    7.2366E-06  7.2413E-06  -5.140  1.0007E+00
  79 CaHSO4   1.    6.0121E-13  5.6734E-13 -12.246  9.4367E-01
  83 CaF+     1.    3.0110E-07  2.8414E-07  -6.546  9.4367E-01
  85 MgOH+    1.    1.5422E-08  1.4553E-08  -7.837  9.4367E-01
  86 MgCO3    0.    2.9928E-07  2.9948E-07  -6.524  1.0007E+00
  87 MgHCO3+  1.    1.2135E-06  1.1452E-06  -5.941  9.4367E-01
  88 MgSO4    0.    1.5695E-06  1.5705E-06  -5.804  1.0007E+00
  92 MgF+     1.    4.5924E-07  4.3338E-07  -6.363  9.4367E-01
  93 NaOH     0.    4.7997E-10  4.8028E-10  -9.319  1.0007E+00
  94 NaCO3-  -1.    6.8926E-08  6.5043E-08  -7.187  9.4367E-01
  95 NaHCO3   0.    7.1299E-07  7.1345E-07  -6.147  1.0007E+00
  96 NaSO4-  -1.    4.9157E-07  4.6388E-07  -6.334  9.4367E-01
  98 NaF aq   0.    5.1847E-08  5.1880E-08  -7.285  1.0007E+00
  99 KOH      0.    3.7949E-12  3.7973E-12 -11.421  1.0007E+00
 100 KSO4-   -1.    9.9366E-09  9.3769E-09  -8.028  9.4367E-01
 164 H3SiO4- -1.    5.4340E-06  5.1279E-06  -5.290  9.4367E-01
 165 H2SiO4-2-2.    2.6328E-11  2.0879E-11 -10.680  7.9302E-01
 166 SiF6-2  -2.    3.1003E-29  2.4586E-29 -28.609  7.9302E-01





      PHASE      IAP       KT      LOG IAP  LOG KT    IAP/KT  LOG IAP/KT

   1 Calcite  1.692E-09 3.477E-09   -8.772   -8.459  4.866E-01   -0.313
   2 Aragonit 1.692E-09 4.873E-09   -8.772   -8.312  3.472E-01   -0.459
   3 Dolomite 5.637E-19 1.004E-17  -18.249  -16.998  5.615E-02   -1.251
   8 Gypsum   3.765E-08 2.625E-05   -7.424   -4.581  1.434E-03   -2.843
   9 Anhydrit 3.766E-08 4.499E-05   -7.424   -4.347  8.370E-04   -3.077
  13 Fluorite 3.444E-12 2.258E-11  -11.463  -10.646  1.525E-01   -0.817
  14 SiO2 (a) 5.150E-04 1.802E-03   -3.288   -2.744  2.858E-01   -0.544
  15 Chalcedy 5.150E-04 2.528E-04   -3.288   -3.597  2.037E+00    0.309
  16 Quartz   5.150E-04 9.150E-05   -3.288   -4.039  5.628E+00    0.750
  26 Talc     6.032E+21 7.068E+21   21.780   21.849  8.533E-01   -0.069
  28 Chrysotl 2.274E+28 4.905E+32   28.357   32.691  4.637E-05   -4.334
  29 Sepiol c 2.655E+13 7.311E+15   13.424   15.864  3.632E-03   -2.440
  30 Sepiol d 2.655E+13 4.571E+18   13.424   18.660  5.809E-06   -5.236
  42 PCO2     4.147E-05 3.796E-02   -4.382   -1.421  1.093E-03   -2.962
  44 H2 gas   1.222E-19 7.364E-04  -18.913   -3.133  1.660E-16  -15.780



1Agua Caliente                                                                   





                              ----------------
                              INITIAL SOLUTION
                              ----------------



          TEMPERATURE =  34.00 DEGREES C    PH =  8.130
          ANALYTICAL EPMCAT =    7.542    ANALYTICAL EPMAN =    7.543


     ***** OXIDATION - REDUCTION *****


 DISSOLVED OXYGEN =  0.000 MMOLES/KG H2O
 EH MEASURED WITH CALOMEL =  9.9000 VOLTS         FLAG CORALK PECALC IDAVES
 MEASURED EH OF ZOBELL SOLUTION =  9.9000 VOLTS     4    0      1      0
 CORRECTED EH =  0.0000 VOLTS
 PE COMPUTED FROM CORRECTED EH =   0.000




               *** TOTAL CONCENTRATIONS OF INPUT SPECIES ***

                         TOTAL             LOG TOTAL            TOTAL
        SPECIES        MOLALITY            MOLALITY           MG/LITRE
        -------        --------            --------           --------

        Ca+2      2.0  6.08248E-04           -3.2159         2.43638E+01
        Mg+2      2.0  7.21650E-05           -4.1417         1.75341E+00
        Na+       1.0  6.07217E-03           -2.2167         1.39513E+02
        K+        1.0  1.13402E-04           -3.9454         4.43156E+00
        Fe+2      2.0  1.03093E-07           -6.9868         5.75393E-03
        H4SiO4    0.0  8.50000E-04           -3.0706         5.10411E+01
        Cl-      -1.0  7.08099E-04           -3.1499         2.50890E+01
        HCO3-    -1.0  3.29800E-03           -2.4817         2.01113E+02
        SO4-2    -2.0  1.60050E-03           -2.7957         1.53653E+02
        NO3-     -1.0  4.84999E-05           -4.3143         6.78912E-01
        H3BO3     0.0  1.00000E-05           -5.0000         1.08034E-01
        F-       -1.0  2.91000E-04           -3.5361         5.52517E+00







 Agua Caliente                                                                   








                      ****DESCRIPTION OF SOLUTION ****

          ANALYT.   COMP.         PH           ACTIVITY H2O =  0.9998
 EPMCAT     7.54      7.28       8.130         PCO2=  1.601148E-03
 EPMAN      7.54      7.28                     LOG PCO2 =  -2.7956
                              TEMPERATURE      PO2 =  2.361056E-48
 EH = 0.0000  PE =   0.000     34.00 DEG C     PCH4 =  6.196905E-47
 PE CALC S =    0.000                          CO2 TOT =  3.262197E-03
 PE CALC DOX=  0.000         IONIC STRENGTH    DENSITY =   1.0000
 PE SATO DOX=  0.000          9.358406E-03     TDS =     607.3MG/L
 TOT ALK =  3.298E+00 MEQ                      CARB ALK =  3.270E+00 MEQ
 ELECT   = -4.957E-07 MEQ                      CHARGE IMBALANCE =   -0.0%

 IN COMPUTING THE DISTRIBUTION OF SPECIES,
 PE =   0.000     EQUIVALENT EH =  0.000VOLTS





                         -----------------------
                         DISTRIBUTION OF SPECIES
                         -----------------------

  I  SPECIES         MOLALITY   ACTIVITY    LOG ACT    GAMMA

   1 H+       1.    8.1094E-09  7.4131E-09  -8.130  9.1414E-01
   2 E-      -1.    1.0000E+00  1.0000E+00   0.000  1.0000E+00
   4 Ca+2     2.    5.0415E-04  3.3960E-04  -3.469  6.7361E-01
   5 Mg+2     2.    5.7486E-05  3.8963E-05  -4.409  6.7778E-01
   6 Na+      1.    6.0273E-03  5.4490E-03  -2.264  9.0405E-01
   7 K+       1.    1.1249E-04  1.0141E-04  -3.994  9.0155E-01
   8 Fe+2     2.    5.0130E-08  3.4009E-08  -7.468  6.7843E-01
  13 H4SiO4   0.    8.2551E-04  8.2729E-04  -3.082  1.0022E+00
  14 Cl-     -1.    7.0810E-04  6.3839E-04  -3.195  9.0155E-01
  15 CO3-2   -2.    3.1387E-05  2.1160E-05  -4.674  6.7414E-01
  16 SO4-2   -2.    1.4834E-03  9.9485E-04  -3.002  6.7064E-01
  17 NO3-    -1.    2.0679E-16  1.8609E-16 -15.730  8.9990E-01
  18 H3BO3    0.    9.0813E-06  9.1009E-06  -5.041  1.0022E+00
  20 F-      -1.    2.8827E-04  2.5981E-04  -3.585  9.0126E-01
  31 OH-     -1.    2.8692E-06  2.5859E-06  -5.587  9.0126E-01
  33 H2 AQ    0.    3.5586E-20  3.5663E-20 -19.448  1.0022E+00
  34 HCO3-   -1.    3.1427E-03  2.8477E-03  -2.546  9.0612E-01
  35 H2CO3    0.    4.3349E-05  4.3442E-05  -4.362  1.0022E+00
  40 HSO4-   -1.    9.7303E-10  8.7865E-10  -9.056  9.0300E-01
  48 NO2-    -1.    4.8500E-05  4.3645E-05  -4.360  8.9990E-01
  57 H2BO3-  -1.    9.1757E-07  8.2857E-07  -6.082  9.0300E-01
  58 BFOH3-  -1.    1.1423E-09  1.0315E-09  -8.987  9.0300E-01
  59 BF2OH2- -1.    2.3310E-13  2.1049E-13 -12.677  9.0300E-01
  60 BF3OH-  -1.    4.1965E-19  3.7894E-19 -18.421  9.0300E-01
  61 BF4-    -1.    3.2558E-24  2.9400E-24 -23.532  9.0300E-01
  69 HF AQ    0.    3.3992E-09  3.4065E-09  -8.468  1.0022E+00
  70 HF2-    -1.    3.9934E-12  3.6061E-12 -11.443  9.0300E-01
  75 CaOH+    1.    8.4175E-09  7.6010E-09  -8.119  9.0300E-01
  76 CaCO3    0.    1.4805E-05  1.4837E-05  -4.829  1.0022E+00
  77 CaHCO3+  1.    1.5254E-05  1.3822E-05  -4.859  9.0612E-01
  78 CaSO4    0.    7.2985E-05  7.3143E-05  -4.136  1.0022E+00
  79 CaHSO4   1.    3.2437E-12  2.9291E-12 -11.533  9.0300E-01
  83 CaF+     1.    1.0433E-06  9.4214E-07  -6.026  9.0300E-01
  85 MgOH+    1.    4.5683E-08  4.1252E-08  -7.385  9.0300E-01
  86 MgCO3    0.    9.0140E-07  9.0334E-07  -6.044  1.0022E+00
  87 MgHCO3+  1.    1.5084E-06  1.3621E-06  -5.866  9.0300E-01
  88 MgSO4    0.    1.1355E-05  1.1380E-05  -4.944  1.0022E+00
  92 MgF+     1.    8.6766E-07  7.8350E-07  -6.106  9.0300E-01
  93 NaOH     0.    4.8448E-09  4.8553E-09  -8.314  1.0022E+00
  94 NaCO3-  -1.    3.6941E-06  3.3358E-06  -5.477  9.0300E-01
  95 NaHCO3   0.    8.5783E-06  8.5968E-06  -5.066  1.0022E+00
  96 NaSO4-  -1.    3.1801E-05  2.8716E-05  -4.542  9.0300E-01
  98 NaF aq   0.    8.1289E-07  8.1464E-07  -6.089  1.0022E+00
  99 KOH      0.    4.7322E-11  4.7424E-11 -10.324  1.0022E+00
 100 KSO4-   -1.    9.1433E-07  8.2564E-07  -6.083  9.0300E-01
 102 FeOH+    1.    3.0855E-09  2.7862E-09  -8.555  9.0300E-01
 105 FeCl+    1.    3.3189E-11  2.9970E-11 -10.523  9.0300E-01
 106 FeCO3    0.    1.7225E-08  1.7263E-08  -7.763  1.0022E+00
 107 FeHCO3+  1.    1.0567E-08  9.5416E-09  -8.020  9.0300E-01
 108 FeSO4    0.    7.0437E-09  7.0588E-09  -8.151  1.0022E+00
 109 FeHSO4+  1.    3.2484E-16  2.9333E-16 -15.533  9.0300E-01
 114 FeF+     1.    9.7850E-11  8.8359E-11 -10.054  9.0300E-01
 115 Fe+3     3.    1.1760E-20  5.2422E-21 -20.280  4.4575E-01
 117 FeOH+2   2.    1.1482E-14  7.6346E-15 -14.117  6.6491E-01
 118 FeOH2+   1.    5.2590E-10  4.7489E-10  -9.323  9.0300E-01
 119 FeOH3    0.    1.2049E-08  1.2075E-08  -7.918  1.0022E+00
 120 FeOH4-  -1.    2.3366E-09  2.1100E-09  -8.676  9.0300E-01
 121 Fe2OH2+4 4.    5.5942E-27  1.0934E-27 -26.961  1.9545E-01
 122 Fe3OH4+5 5.    6.2090E-34  4.8448E-35 -34.315  7.8029E-02
 123 FeCl+2   2.    2.0050E-22  1.3331E-22 -21.875  6.6491E-01
 124 FeCl2+   1.    3.1915E-25  2.8819E-25 -24.540  9.0300E-01
 125 FeCl3    0.    1.8358E-29  1.8398E-29 -28.735  1.0022E+00
 126 FeSO4+   1.    7.6835E-20  6.9383E-20 -19.159  9.0300E-01
 127 FeHSO4+2 2.    1.0583E-27  7.0365E-28 -27.153  6.6491E-01
 128 FeSO42- -1.    1.7304E-21  1.5625E-21 -20.806  9.0300E-01
 131 FeF+2    2.    3.7102E-18  2.4669E-18 -17.608  6.6491E-01
 132 FeF2+    1.    3.1349E-17  2.8308E-17 -16.548  9.0300E-01
 133 FeF3     0.    1.1982E-17  1.2007E-17 -16.921  1.0022E+00
 164 H3SiO4- -1.    2.4488E-05  2.2113E-05  -4.655  9.0300E-01
 165 H2SiO4-2-2.    5.3187E-10  3.5364E-10  -9.451  6.6491E-01
 166 SiF6-2  -2.    7.8338E-28  5.2088E-28 -27.283  6.6491E-01





      PHASE      IAP       KT      LOG IAP  LOG KT    IAP/KT  LOG IAP/KT

   1 Calcite  7.186E-09 2.910E-09   -8.144   -8.536  2.469E+00    0.393
   2 Aragonit 7.186E-09 3.994E-09   -8.144   -8.399  1.799E+00    0.255
   3 Dolomite 5.924E-18 5.097E-18  -17.227  -17.293  1.162E+00    0.065
   4 Siderite 7.196E-13 1.140E-11  -12.143  -10.943  6.315E-02   -1.200
   8 Gypsum   3.377E-07 2.582E-05   -6.471   -4.588  1.308E-02   -1.883
   9 Anhydrit 3.379E-07 3.884E-05   -6.471   -4.411  8.699E-03   -2.061
  13 Fluorite 2.292E-11 3.136E-11  -10.640  -10.504  7.310E-01   -0.136
  14 SiO2 (a) 8.277E-04 2.291E-03   -3.082   -2.640  3.612E-01   -0.442
  15 Chalcedy 8.277E-04 3.549E-04   -3.082   -3.450  2.332E+00    0.368
  16 Quartz   8.277E-04 1.407E-04   -3.082   -3.852  5.883E+00    0.770
  26 Talc     1.671E+23 2.532E+20   23.223   20.403  6.600E+02    2.820
  28 Chrysotl 2.439E+29 1.309E+31   29.387   31.117  1.863E-02   -1.730
  29 Sepiol c 2.847E+14 3.390E+15   14.454   15.530  8.398E-02   -1.076
  30 Sepiol d 2.847E+14 4.571E+18   14.454   18.660  6.228E-05   -4.206
  31 Hematite 1.655E+08 2.135E-05    8.219   -4.671  7.749E+12   12.889
  32 Goethite 1.286E+04 2.046E-01    4.109   -0.689  6.285E+04    4.798
  33 Fe(OH)3a 1.286E+04 7.780E+04    4.109    4.891  1.653E-01   -0.782
  42 PCO2     4.344E-05 2.713E-02   -4.362   -1.567  1.601E-03   -2.796
  44 H2 gas   3.566E-20 6.490E-04  -19.448   -3.188  5.495E-17  -16.260
  49 Melanter 3.378E-11 7.816E-03  -10.471   -2.107  4.322E-09   -8.364
  51 K-Jarosi 8.701E-23 1.313E-10  -22.060   -9.882  6.628E-13  -12.179



1Deer Run                                                                        





                              ----------------
                              INITIAL SOLUTION
                              ----------------



          TEMPERATURE =  20.00 DEGREES C    PH =  7.000
          ANALYTICAL EPMCAT =    4.283    ANALYTICAL EPMAN =    4.283


     ***** OXIDATION - REDUCTION *****


 DISSOLVED OXYGEN =  0.000 MMOLES/KG H2O
 EH MEASURED WITH CALOMEL =  9.9000 VOLTS         FLAG CORALK PECALC IDAVES
 MEASURED EH OF ZOBELL SOLUTION =  9.9000 VOLTS     4    0      1      0
 CORRECTED EH =  0.0000 VOLTS
 PE COMPUTED FROM CORRECTED EH =   0.000




               *** TOTAL CONCENTRATIONS OF INPUT SPECIES ***

                         TOTAL             LOG TOTAL            TOTAL
        SPECIES        MOLALITY            MOLALITY           MG/LITRE
        -------        --------            --------           --------

        Ca+2      2.0  6.10595E-04           -3.2142         2.44645E+01
        Mg+2      2.0  5.34271E-04           -3.2722         1.29848E+01
        Na+       1.0  1.88267E-03           -2.7252         4.32677E+01
        K+        1.0  1.11942E-04           -3.9510         4.37571E+00
        H4SiO4    0.0  8.00000E-04           -3.0969         4.80518E+01
        Cl-      -1.0  1.17918E-03           -2.9284         4.17914E+01
        HCO3-    -1.0  1.96530E-03           -2.7066         1.19877E+02
        SO4-2    -2.0  3.24274E-04           -3.4891         3.11399E+01
        NO3-     -1.0  2.35835E-04           -3.6274         3.30217E+00
        F-       -1.0  2.55488E-04           -3.5926         4.85225E+00







 Deer Run                                                                        








                      ****DESCRIPTION OF SOLUTION ****

          ANALYT.   COMP.         PH           ACTIVITY H2O =  0.9999
 EPMCAT     4.28      4.19       7.000         PCO2=  1.105154E-02
 EPMAN      4.28      4.19                     LOG PCO2 =  -1.9566
                              TEMPERATURE      PO2 =  1.423022E-57
 EH = 0.0000  PE =   0.000     20.00 DEG C     PCH4 =  5.174592E-35
 PE CALC S =    0.000                          CO2 TOT =  2.395004E-03
 PE CALC DOX=  0.000         IONIC STRENGTH    DENSITY =   1.0000
 PE SATO DOX=  0.000          5.563849E-03     TDS =     334.1MG/L
 TOT ALK =  1.965E+00 MEQ                      CARB ALK =  1.964E+00 MEQ
 ELECT   = -2.140E-06 MEQ                      CHARGE IMBALANCE =   -0.0%

 IN COMPUTING THE DISTRIBUTION OF SPECIES,
 PE =   0.000     EQUIVALENT EH =  0.000VOLTS





                         -----------------------
                         DISTRIBUTION OF SPECIES
                         -----------------------

  I  SPECIES         MOLALITY   ACTIVITY    LOG ACT    GAMMA

   1 H+       1.    1.0739E-07  1.0000E-07  -7.000  9.3116E-01
   2 E-      -1.    1.0000E+00  1.0000E+00   0.000  1.0000E+00
   4 Ca+2     2.    5.8233E-04  4.2794E-04  -3.369  7.3488E-01
   5 Mg+2     2.    5.0398E-04  3.7177E-04  -3.430  7.3767E-01
   6 Na+      1.    1.8787E-03  1.7372E-03  -2.760  9.2468E-01
   7 K+       1.    1.1179E-04  1.0320E-04  -3.986  9.2314E-01
  13 H4SiO4   0.    7.9893E-04  7.9996E-04  -3.097  1.0013E+00
  14 Cl-     -1.    1.1792E-03  1.0886E-03  -2.963  9.2314E-01
  15 CO3-2   -2.    1.0294E-06  7.5693E-07  -6.121  7.3529E-01
  16 SO4-2   -2.    2.8881E-04  2.1168E-04  -3.674  7.3295E-01
  17 NO3-    -1.    1.8007E-19  1.6605E-19 -18.780  9.2212E-01
  20 F-      -1.    2.4884E-04  2.2967E-04  -3.639  9.2297E-01
  31 OH-     -1.    7.3548E-08  6.7882E-08  -7.168  9.2297E-01
  33 H2 AQ    0.    7.4376E-18  7.4472E-18 -17.128  1.0013E+00
  34 HCO3-   -1.    1.9409E-03  1.7973E-03  -2.745  9.2601E-01
  35 H2CO3    0.    4.3251E-04  4.3307E-04  -3.363  1.0013E+00
  40 HSO4-   -1.    2.0017E-09  1.8495E-09  -8.733  9.2401E-01
  48 NO2-    -1.    2.3584E-04  2.1747E-04  -3.663  9.2212E-01
  69 HF AQ    0.    3.1468E-08  3.1509E-08  -7.502  1.0013E+00
  70 HF2-    -1.    2.8816E-11  2.6627E-11 -10.575  9.2401E-01
  75 CaOH+    1.    7.6850E-10  7.1010E-10  -9.149  9.2401E-01
  76 CaCO3    0.    4.9617E-07  4.9681E-07  -6.304  1.0013E+00
  77 CaHCO3+  1.    9.7344E-06  9.0142E-06  -5.045  9.2601E-01
  78 CaSO4    0.    1.7214E-05  1.7236E-05  -4.764  1.0013E+00
  79 CaHSO4   1.    1.1466E-11  1.0594E-11 -10.975  9.2401E-01
  83 CaF+     1.    8.2281E-07  7.6028E-07  -6.119  9.2401E-01
  85 MgOH+    1.    9.3241E-09  8.6155E-09  -8.065  9.2401E-01
  86 MgCO3    0.    2.4836E-07  2.4868E-07  -6.604  1.0013E+00
  87 MgHCO3+  1.    8.2971E-06  7.6665E-06  -5.115  9.2401E-01
  88 MgSO4    0.    1.6163E-05  1.6184E-05  -4.791  1.0013E+00
  92 MgF+     1.    5.5680E-06  5.1448E-06  -5.289  9.2401E-01
  93 NaOH     0.    1.1461E-10  1.1476E-10  -9.940  1.0013E+00
  94 NaCO3-  -1.    2.0504E-08  1.8946E-08  -7.722  9.2401E-01
  95 NaHCO3   0.    1.7453E-06  1.7476E-06  -5.758  1.0013E+00
  96 NaSO4-  -1.    1.9314E-06  1.7846E-06  -5.748  9.2401E-01
  98 NaF aq   0.    2.2930E-07  2.2959E-07  -6.639  1.0013E+00
  99 KOH      0.    3.5732E-12  3.5778E-12 -11.446  1.0013E+00
 100 KSO4-   -1.    1.5202E-07  1.4046E-07  -6.852  9.2401E-01
 164 H3SiO4- -1.    1.0666E-06  9.8554E-07  -6.006  9.2401E-01
 165 H2SiO4-2-2.    6.5758E-13  4.7935E-13 -12.319  7.2896E-01
 166 SiF6-2  -2.    3.8950E-23  2.8393E-23 -22.547  7.2896E-01





      PHASE      IAP       KT      LOG IAP  LOG KT    IAP/KT  LOG IAP/KT

   1 Calcite  3.239E-10 3.521E-09   -9.490   -8.453  9.199E-02   -1.036
   2 Aragonit 3.239E-10 4.945E-09   -9.490   -8.306  6.551E-02   -1.184
   3 Dolomite 9.115E-20 1.067E-17  -19.040  -16.972  8.547E-03   -2.068
   8 Gypsum   9.056E-08 2.623E-05   -7.043   -4.581  3.452E-03   -2.462
   9 Anhydrit 9.059E-08 4.531E-05   -7.043   -4.344  1.999E-03   -2.699
  13 Fluorite 2.257E-11 2.188E-11  -10.646  -10.660  1.032E+00    0.014
  14 SiO2 (a) 8.002E-04 1.764E-03   -3.097   -2.754  4.537E-01   -0.343
  15 Chalcedy 8.002E-04 2.453E-04   -3.097   -3.610  3.263E+00    0.514
  16 Quartz   8.002E-04 8.805E-05   -3.097   -4.055  9.088E+00    0.958
  26 Talc     2.105E+19 9.517E+21   19.323   21.979  2.212E-03   -2.655
  28 Chrysotl 3.288E+25 6.776E+32   25.517   32.831  4.852E-08   -7.314
  29 Sepiol c 7.076E+11 7.830E+15   11.850   15.894  9.037E-05   -4.044
  30 Sepiol d 7.076E+11 4.571E+18   11.850   18.660  1.548E-07   -6.810
  42 PCO2     4.331E-04 3.919E-02   -3.363   -1.407  1.105E-02   -1.957
  44 H2 gas   7.447E-18 7.447E-04  -17.128   -3.128  1.000E-14  -14.000



1Marshall Gulch                                                                  





                              ----------------
                              INITIAL SOLUTION
                              ----------------



          TEMPERATURE =   9.40 DEGREES C    PH =  5.700
          ANALYTICAL EPMCAT =    0.122    ANALYTICAL EPMAN =    0.567


     ***** OXIDATION - REDUCTION *****


 DISSOLVED OXYGEN =  0.000 MMOLES/KG H2O
 EH MEASURED WITH CALOMEL =  9.9000 VOLTS         FLAG CORALK PECALC IDAVES
 MEASURED EH OF ZOBELL SOLUTION =  9.9000 VOLTS     4    2      1      0
 CORRECTED EH =  0.0000 VOLTS
 PE COMPUTED FROM CORRECTED EH =   0.000




               *** TOTAL CONCENTRATIONS OF INPUT SPECIES ***

                         TOTAL             LOG TOTAL            TOTAL
        SPECIES        MOLALITY            MOLALITY           MG/LITRE
        -------        --------            --------           --------

        Ca+2      2.0  1.87760E-05           -4.7264         7.52490E-01
        Mg+2      2.0  2.14582E-05           -4.6684         5.21658E-01
        Na+       1.0  3.21874E-05           -4.4923         7.39932E-01
        K+        1.0  6.70570E-06           -5.1736         2.62189E-01
        Fe+2      2.0  1.34114E-07           -6.8725         7.48937E-03
        H4SiO4    0.0  5.00000E-04           -3.3010         3.00404E+01
        Cl-      -1.0  1.49127E-05           -4.8264         5.28665E-01
        HCO3-    -1.0  5.21944E-04           -3.2824         3.18455E+01
        SO4-2    -2.0  1.49127E-05           -4.8264         1.43244E+00







 Marshall Gulch                                                                  








                      ****DESCRIPTION OF SOLUTION ****

          ANALYT.   COMP.         PH           ACTIVITY H2O =  1.0000
 EPMCAT     0.12      0.12       5.700         PCO2=  8.106843E-03
 EPMAN      0.57      0.12                     LOG PCO2 =  -2.0911
                              TEMPERATURE      PO2 =  1.259548E-66
 EH = 0.0000  PE =   0.000      9.40 DEG C     PCH4 =  4.412083E-23
 PE CALC S =    0.000                          CO2 TOT =  5.219442E-04
 PE CALC DOX=  0.000         IONIC STRENGTH    DENSITY =   1.0000
 PE SATO DOX=  0.000          1.765201E-04     TDS =      66.1MG/L
 TOT ALK =  7.488E-02 MEQ                      CARB ALK =  7.689E-02 MEQ
 ELECT   =  8.971E-06 MEQ                      CHARGE IMBALANCE =    0.0%

 IN COMPUTING THE DISTRIBUTION OF SPECIES,
 PE =   0.000     EQUIVALENT EH =  0.000VOLTS





                         -----------------------
                         DISTRIBUTION OF SPECIES
                         -----------------------

  I  SPECIES         MOLALITY   ACTIVITY    LOG ACT    GAMMA

   1 H+       1.    2.0248E-06  1.9953E-06  -5.700  9.8543E-01
   2 E-      -1.    1.0000E+00  1.0000E+00   0.000  1.0000E+00
   4 Ca+2     2.    1.8721E-05  1.7638E-05  -4.754  9.4212E-01
   5 Mg+2     2.    2.1398E-05  2.0162E-05  -4.695  9.4225E-01
   6 Na+      1.    3.2184E-05  3.1706E-05  -4.499  9.8515E-01
   7 K+       1.    6.7052E-06  6.6053E-06  -5.180  9.8510E-01
   8 Fe+2     2.    1.3296E-07  1.2528E-07  -6.902  9.4229E-01
  13 H4SiO4   0.    4.9998E-04  5.0000E-04  -3.301  1.0000E+00
  14 Cl-     -1.    1.4913E-05  1.4690E-05  -4.833  9.8510E-01
  15 CO3-2   -2.    1.2870E-09  1.2126E-09  -8.916  9.4215E-01
  16 SO4-2   -2.    1.4823E-05  1.3963E-05  -4.855  9.4204E-01
  31 OH-     -1.    1.4108E-09  1.3897E-09  -8.857  9.8509E-01
  33 H2 AQ    0.    3.3202E-15  3.3204E-15 -14.479  1.0000E+00
  34 HCO3-   -1.    7.6853E-05  7.5716E-05  -4.121  9.8521E-01
  35 H2CO3    0.    4.4506E-04  4.4508E-04  -3.352  1.0000E+00
  40 HSO4-   -1.    2.0024E-09  1.9726E-09  -8.705  9.8513E-01
  75 CaOH+    1.    1.4892E-12  1.4670E-12 -11.834  9.8513E-01
  76 CaCO3    0.    2.9120E-11  2.9121E-11 -10.536  1.0000E+00
  77 CaHCO3+  1.    1.2381E-08  1.2198E-08  -7.914  9.8521E-01
  78 CaSO4    0.    4.2135E-08  4.2137E-08  -7.375  1.0000E+00
  79 CaHSO4   1.    5.8337E-13  5.7469E-13 -12.241  9.8513E-01
  85 MgOH+    1.    8.7099E-12  8.5804E-12 -11.066  9.8513E-01
  86 MgCO3    0.    1.8358E-11  1.8359E-11 -10.736  1.0000E+00
  87 MgHCO3+  1.    1.7378E-08  1.7119E-08  -7.767  9.8513E-01
  88 MgSO4    0.    4.3188E-08  4.3190E-08  -7.365  1.0000E+00
  93 NaOH     0.    1.0498E-13  1.0499E-13 -12.979  1.0000E+00
  94 NaCO3-  -1.    3.1679E-13  3.1208E-13 -12.506  9.8513E-01
  95 NaHCO3   0.    1.2822E-09  1.2822E-09  -8.892  1.0000E+00
  96 NaSO4-  -1.    2.0292E-09  1.9990E-09  -8.699  9.8513E-01
  99 KOH      0.    1.1478E-14  1.1478E-14 -13.940  1.0000E+00
 100 KSO4-   -1.    4.9362E-10  4.8627E-10  -9.313  9.8513E-01
 102 FeOH+    1.    5.8909E-12  5.8033E-12 -11.236  9.8513E-01
 105 FeCl+    1.    2.5789E-12  2.5406E-12 -11.595  9.8513E-01
 106 FeCO3    0.    3.6441E-12  3.6442E-12 -11.438  1.0000E+00
 107 FeHCO3+  1.    9.1460E-10  9.0100E-10  -9.045  9.8513E-01
 108 FeSO4    0.    2.3022E-10  2.3023E-10  -9.638  1.0000E+00
 109 FeHSO4+  1.    4.1438E-15  4.0821E-15 -14.389  9.8513E-01
 115 Fe+3     3.    5.5399E-21  4.8545E-21 -20.314  8.7628E-01
 117 FeOH+2   2.    6.3281E-18  5.9599E-18 -17.225  9.4182E-01
 118 FeOH2+   1.    5.3776E-16  5.2976E-16 -15.276  9.8513E-01
 119 FeOH3    0.    1.6689E-17  1.6690E-17 -16.778  1.0000E+00
 120 FeOH4-  -1.    3.9958E-21  3.9364E-21 -20.405  9.8513E-01
 121 Fe2OH2+4 4.    2.3991E-33  1.8876E-33 -32.724  7.8680E-01
 123 FeCl+2   2.    1.3570E-24  1.2780E-24 -23.893  9.4182E-01
 124 FeCl2+   1.    1.4346E-28  1.4132E-28 -27.850  9.8513E-01
 125 FeCl3    0.    2.0760E-34  2.0761E-34 -33.683  1.0000E+00
 126 FeSO4+   1.    5.2409E-22  5.1629E-22 -21.287  9.8513E-01
 127 FeHSO4+2 2.    1.0397E-26  9.7924E-27 -26.009  9.4182E-01
 128 FeSO42- -1.    1.5013E-25  1.4790E-25 -24.830  9.8513E-01
 164 H3SiO4- -1.    2.0536E-08  2.0230E-08  -7.694  9.8513E-01
 165 H2SiO4-2-2.    2.4004E-16  2.2607E-16 -15.646  9.4182E-01





      PHASE      IAP       KT      LOG IAP  LOG KT    IAP/KT  LOG IAP/KT

   1 Calcite  2.139E-14 3.905E-09  -13.670   -8.408  5.476E-06   -5.262
   2 Aragonit 2.139E-14 5.588E-09  -13.670   -8.253  3.827E-06   -5.417
   3 Dolomite 5.229E-28 1.958E-17  -27.282  -16.708  2.670E-11  -10.573
   4 Siderite 1.519E-16 1.623E-11  -15.818  -10.790  9.359E-06   -5.029
   8 Gypsum   2.463E-10 2.556E-05   -9.609   -4.593  9.637E-06   -5.016
   9 Anhydrit 2.463E-10 4.609E-05   -9.609   -4.336  5.343E-06   -5.272
  14 SiO2 (a) 5.000E-04 1.422E-03   -3.301   -2.847  3.517E-01   -0.454
  15 Chalcedy 5.000E-04 1.809E-04   -3.301   -3.742  2.763E+00    0.441
  16 Quartz   5.000E-04 5.987E-05   -3.301   -4.223  8.352E+00    0.922
  26 Talc     8.119E+06 1.883E+23    6.910   23.275  4.311E-17  -16.365
  28 Chrysotl 3.247E+13 1.728E+34   13.512   34.238  1.879E-21  -20.726
  29 Sepiol c 3.206E+03 1.560E+16    3.506   16.193  2.056E-13  -12.687
  30 Sepiol d 3.206E+03 4.571E+18    3.506   18.660  7.014E-16  -15.154
  31 Hematite 3.735E-07 1.739E-03   -6.428   -2.760  2.148E-04   -3.668
  32 Goethite 6.111E-04 2.594E-02   -3.214   -1.586  2.356E-02   -1.628
  33 Fe(OH)3a 6.111E-04 7.780E+04   -3.214    4.891  7.854E-09   -8.105
  42 PCO2     4.451E-04 5.490E-02   -3.352   -1.260  8.107E-03   -2.091
  44 H2 gas   3.320E-15 8.340E-04  -14.479   -3.079  3.981E-12  -11.400
  49 Melanter 1.749E-12 3.812E-03  -11.757   -2.419  4.589E-10   -9.338
  51 K-Jarosi 2.335E-42 1.137E-08  -41.632   -7.944  2.053E-34  -33.688



1Agua_Caliente_corrected                                                         





                              ----------------
                              INITIAL SOLUTION
                              ----------------



          TEMPERATURE =  34.00 DEGREES C    PH =  8.130
          ANALYTICAL EPMCAT =    7.561    ANALYTICAL EPMAN =    7.563


     ***** OXIDATION - REDUCTION *****


 DISSOLVED OXYGEN =  0.000 MMOLES/KG H2O
 EH MEASURED WITH CALOMEL =  9.9000 VOLTS         FLAG CORALK PECALC IDAVES
 MEASURED EH OF ZOBELL SOLUTION =  9.9000 VOLTS     4    0      1      0
 CORRECTED EH =  0.0000 VOLTS
 PE COMPUTED FROM CORRECTED EH =   0.000




               *** TOTAL CONCENTRATIONS OF INPUT SPECIES ***

                         TOTAL             LOG TOTAL            TOTAL
        SPECIES        MOLALITY            MOLALITY           MG/LITRE
        -------        --------            --------           --------

        Ca+2      2.0  6.17571E-04           -3.2093         2.47384E+01
        Mg+2      2.0  7.20500E-05           -4.1424         1.75070E+00
        Na+       1.0  6.07279E-03           -2.2166         1.39534E+02
        K+        1.0  1.13221E-04           -3.9461         4.42471E+00
        Fe+2      2.0  1.02929E-07           -6.9875         5.74504E-03
        H4SiO4    0.0  1.00000E-05           -5.0000         6.00513E-01
        Cl-      -1.0  7.16031E-04           -3.1451         2.53713E+01
        HCO3-    -1.0  3.30326E-03           -2.4811         2.01444E+02
        SO4-2    -2.0  1.60305E-03           -2.7951         1.53906E+02
        NO3-     -1.0  4.85774E-05           -4.3136         6.80029E-01
        H3BO3     0.0  1.00000E-05           -5.0000         1.08040E-01
        F-       -1.0  2.91464E-04           -3.5354         5.53426E+00







 Agua_Caliente_corrected                                                         








                      ****DESCRIPTION OF SOLUTION ****

          ANALYT.   COMP.         PH           ACTIVITY H2O =  0.9998
 EPMCAT     7.56      7.29       8.130         PCO2=  1.615053E-03
 EPMAN      7.56      7.29                     LOG PCO2 =  -2.7918
                              TEMPERATURE      PO2 =  2.361120E-48
 EH = 0.0000  PE =   0.000     34.00 DEG C     PCH4 =  6.250553E-47
 PE CALC S =    0.000                          CO2 TOT =  3.291370E-03
 PE CALC DOX=  0.000         IONIC STRENGTH    DENSITY =   1.0000
 PE SATO DOX=  0.000          9.383053E-03     TDS =     558.1MG/L
 TOT ALK =  3.303E+00 MEQ                      CARB ALK =  3.299E+00 MEQ
 ELECT   = -3.694E-07 MEQ                      CHARGE IMBALANCE =   -0.0%

 IN COMPUTING THE DISTRIBUTION OF SPECIES,
 PE =   0.000     EQUIVALENT EH =  0.000VOLTS





                         -----------------------
                         DISTRIBUTION OF SPECIES
                         -----------------------

  I  SPECIES         MOLALITY   ACTIVITY    LOG ACT    GAMMA

   1 H+       1.    8.1102E-09  7.4131E-09  -8.130  9.1405E-01
   2 E-      -1.    1.0000E+00  1.0000E+00   0.000  1.0000E+00
   4 Ca+2     2.    5.1166E-04  3.4451E-04  -3.463  6.7331E-01
   5 Mg+2     2.    5.7377E-05  3.8872E-05  -4.410  6.7749E-01
   6 Na+      1.    6.0278E-03  5.4488E-03  -2.264  9.0395E-01
   7 K+       1.    1.1231E-04  1.0124E-04  -3.995  9.0144E-01
   8 Fe+2     2.    4.9940E-08  3.3867E-08  -7.470  6.7814E-01
  13 H4SiO4   0.    9.7119E-06  9.7329E-06  -5.012  1.0022E+00
  14 Cl-     -1.    7.1603E-04  6.4546E-04  -3.190  9.0144E-01
  15 CO3-2   -2.    3.1674E-05  2.1344E-05  -4.671  6.7384E-01
  16 SO4-2   -2.    1.4849E-03  9.9538E-04  -3.002  6.7034E-01
  17 NO3-    -1.    2.0713E-16  1.8637E-16 -15.730  8.9979E-01
  18 H3BO3    0.    9.0812E-06  9.1008E-06  -5.041  1.0022E+00
  20 F-      -1.    2.8872E-04  2.6018E-04  -3.585  9.0115E-01
  31 OH-     -1.    2.8696E-06  2.5860E-06  -5.587  9.0115E-01
  33 H2 AQ    0.    3.5586E-20  3.5663E-20 -19.448  1.0022E+00
  34 HCO3-   -1.    3.1704E-03  2.8724E-03  -2.542  9.0602E-01
  35 H2CO3    0.    4.3725E-05  4.3819E-05  -4.358  1.0022E+00
  40 HSO4-   -1.    9.7366E-10  8.7911E-10  -9.056  9.0290E-01
  48 NO2-    -1.    4.8577E-05  4.3709E-05  -4.359  8.9979E-01
  57 H2BO3-  -1.    9.1767E-07  8.2857E-07  -6.082  9.0290E-01
  58 BFOH3-  -1.    1.1441E-09  1.0330E-09  -8.986  9.0290E-01
  59 BF2OH2- -1.    2.3379E-13  2.1109E-13 -12.676  9.0290E-01
  60 BF3OH-  -1.    4.2148E-19  3.8056E-19 -18.420  9.0290E-01
  61 BF4-    -1.    3.2747E-24  2.9567E-24 -23.529  9.0290E-01
  69 HF AQ    0.    3.4040E-09  3.4114E-09  -8.467  1.0022E+00
  70 HF2-    -1.    4.0053E-12  3.6164E-12 -11.442  9.0290E-01
  75 CaOH+    1.    8.5402E-09  7.7110E-09  -8.113  9.0290E-01
  76 CaCO3    0.    1.5150E-05  1.5183E-05  -4.819  1.0022E+00
  77 CaHCO3+  1.    1.5610E-05  1.4143E-05  -4.849  9.0602E-01
  78 CaSO4    0.    7.4079E-05  7.4239E-05  -4.129  1.0022E+00
  79 CaHSO4   1.    3.2927E-12  2.9730E-12 -11.527  9.0290E-01
  83 CaF+     1.    1.0601E-06  9.5712E-07  -6.019  9.0290E-01
  85 MgOH+    1.    4.5583E-08  4.1157E-08  -7.386  9.0290E-01
  86 MgCO3    0.    9.0712E-07  9.0908E-07  -6.041  1.0022E+00
  87 MgHCO3+  1.    1.5182E-06  1.3708E-06  -5.863  9.0290E-01
  88 MgSO4    0.    1.1335E-05  1.1359E-05  -4.945  1.0022E+00
  92 MgF+     1.    8.6697E-07  7.8279E-07  -6.106  9.0290E-01
  93 NaOH     0.    4.8447E-09  4.8552E-09  -8.314  1.0022E+00
  94 NaCO3-  -1.    3.7265E-06  3.3647E-06  -5.473  9.0290E-01
  95 NaHCO3   0.    8.6526E-06  8.6713E-06  -5.062  1.0022E+00
  96 NaSO4-  -1.    3.1820E-05  2.8731E-05  -4.542  9.0290E-01
  98 NaF aq   0.    8.1402E-07  8.1578E-07  -6.088  1.0022E+00
  99 KOH      0.    4.7241E-11  4.7343E-11 -10.325  1.0022E+00
 100 KSO4-   -1.    9.1335E-07  8.2466E-07  -6.084  9.0290E-01
 102 FeOH+    1.    3.0729E-09  2.7745E-09  -8.557  9.0290E-01
 105 FeCl+    1.    3.3420E-11  3.0175E-11 -10.520  9.0290E-01
 106 FeCO3    0.    1.7302E-08  1.7340E-08  -7.761  1.0022E+00
 107 FeHCO3+  1.    1.0615E-08  9.5842E-09  -8.018  9.0290E-01
 108 FeSO4    0.    7.0178E-09  7.0329E-09  -8.153  1.0022E+00
 109 FeHSO4+  1.    3.2368E-16  2.9225E-16 -15.534  9.0290E-01
 114 FeF+     1.    9.7590E-11  8.8114E-11 -10.055  9.0290E-01
 115 Fe+3     3.    1.1720E-20  5.2201E-21 -20.282  4.4539E-01
 117 FeOH+2   2.    1.1440E-14  7.6026E-15 -14.119  6.6459E-01
 118 FeOH2+   1.    5.2376E-10  4.7291E-10  -9.325  9.0290E-01
 119 FeOH3    0.    1.1999E-08  1.2024E-08  -7.920  1.0022E+00
 120 FeOH4-  -1.    2.3272E-09  2.1012E-09  -8.678  9.0290E-01
 121 Fe2OH2+4 4.    5.5579E-27  1.0843E-27 -26.965  1.9509E-01
 122 Fe3OH4+5 5.    6.1494E-34  4.7842E-35 -34.320  7.7800E-02
 123 FeCl+2   2.    2.0196E-22  1.3422E-22 -21.872  6.6459E-01
 124 FeCl2+   1.    3.2493E-25  2.9337E-25 -24.533  9.0290E-01
 125 FeCl3    0.    1.8895E-29  1.8936E-29 -28.723  1.0022E+00
 126 FeSO4+   1.    7.6562E-20  6.9128E-20 -19.160  9.0290E-01
 127 FeHSO4+2 2.    1.0549E-27  7.0107E-28 -27.154  6.6459E-01
 128 FeSO42- -1.    1.7251E-21  1.5576E-21 -20.808  9.0290E-01
 131 FeF+2    2.    3.7016E-18  2.4601E-18 -17.609  6.6459E-01
 132 FeF2+    1.    3.1310E-17  2.8270E-17 -16.549  9.0290E-01
 133 FeF3     0.    1.1982E-17  1.2008E-17 -16.921  1.0022E+00
 164 H3SiO4- -1.    2.8813E-07  2.6015E-07  -6.585  9.0290E-01
 165 H2SiO4-2-2.    6.2602E-12  4.1605E-12 -11.381  6.6459E-01
 166 SiF6-2  -2.    9.2995E-30  6.1804E-30 -29.209  6.6459E-01





      PHASE      IAP       KT      LOG IAP  LOG KT    IAP/KT  LOG IAP/KT

   1 Calcite  7.353E-09 2.910E-09   -8.134   -8.536  2.527E+00    0.403
   2 Aragonit 7.353E-09 3.994E-09   -8.134   -8.399  1.841E+00    0.265
   3 Dolomite 6.101E-18 5.097E-18  -17.215  -17.293  1.197E+00    0.078
   4 Siderite 7.228E-13 1.140E-11  -12.141  -10.943  6.343E-02   -1.198
   8 Gypsum   3.428E-07 2.582E-05   -6.465   -4.588  1.327E-02   -1.877
   9 Anhydrit 3.429E-07 3.884E-05   -6.465   -4.411  8.829E-03   -2.054
  13 Fluorite 2.332E-11 3.136E-11  -10.632  -10.504  7.437E-01   -0.129
  14 SiO2 (a) 9.737E-06 2.291E-03   -5.012   -2.640  4.250E-03   -2.372
  15 Chalcedy 9.737E-06 3.549E-04   -5.012   -3.450  2.744E-02   -1.562
  16 Quartz   9.737E-06 1.407E-04   -5.012   -3.852  6.921E-02   -1.160
  26 Talc     3.179E+15 2.532E+20   15.502   20.403  1.256E-05   -4.901
  28 Chrysotl 3.352E+25 1.309E+31   25.525   31.117  2.560E-06   -5.592
  29 Sepiol c 4.614E+08 3.390E+15    8.664   15.530  1.361E-07   -6.866
  30 Sepiol d 4.614E+08 4.571E+18    8.664   18.660  1.009E-10   -9.996
  31 Hematite 1.641E+08 2.135E-05    8.215   -4.671  7.684E+12   12.886
  32 Goethite 1.281E+04 2.046E-01    4.107   -0.689  6.259E+04    4.796
  33 Fe(OH)3a 1.281E+04 7.780E+04    4.107    4.891  1.646E-01   -0.784
  42 PCO2     4.382E-05 2.713E-02   -4.358   -1.567  1.615E-03   -2.792
  44 H2 gas   3.566E-20 6.490E-04  -19.448   -3.188  5.495E-17  -16.260
  49 Melanter 3.366E-11 7.816E-03  -10.473   -2.107  4.306E-09   -8.366
  51 K-Jarosi 8.586E-23 1.313E-10  -22.066   -9.882  6.541E-13  -12.184



1Rillito                                                                         





                              ----------------
                              INITIAL SOLUTION
                              ----------------



          TEMPERATURE =  17.00 DEGREES C    PH =  7.000
          ANALYTICAL EPMCAT =    0.722    ANALYTICAL EPMAN =    0.722


     ***** OXIDATION - REDUCTION *****


 DISSOLVED OXYGEN =  0.000 MMOLES/KG H2O
 EH MEASURED WITH CALOMEL =  9.9000 VOLTS         FLAG CORALK PECALC IDAVES
 MEASURED EH OF ZOBELL SOLUTION =  9.9000 VOLTS     4    0      1      0
 CORRECTED EH =  0.0000 VOLTS
 PE COMPUTED FROM CORRECTED EH =   0.000




               *** TOTAL CONCENTRATIONS OF INPUT SPECIES ***

                         TOTAL             LOG TOTAL            TOTAL
        SPECIES        MOLALITY            MOLALITY           MG/LITRE
        -------        --------            --------           --------

        Ca+2      2.0  2.13609E-04           -3.6704         8.56080E+00
        Mg+2      2.0  3.89244E-05           -4.4098         9.46256E-01
        Na+       1.0  1.85128E-04           -3.7325         4.25573E+00
        K+        1.0  3.13294E-05           -4.5040         1.22495E+00
        H4SiO4    0.0  3.57000E-04           -3.4473         2.14486E+01
        Cl-      -1.0  4.95062E-05           -4.3053         1.75501E+00
        HCO3-    -1.0  5.26662E-04           -3.2785         3.21330E+01
        SO4-2    -2.0  7.26794E-05           -4.1386         6.98116E+00







 Rillito                                                                         








                      ****DESCRIPTION OF SOLUTION ****

          ANALYT.   COMP.         PH           ACTIVITY H2O =  1.0000
 EPMCAT     0.72      0.72       7.000         PCO2=  2.987867E-03
 EPMAN      0.72      0.72                     LOG PCO2 =  -2.5246
                              TEMPERATURE      PO2 =  1.230583E-58
 EH = 0.0000  PE =   0.000     17.00 DEG C     PCH4 =  4.037959E-35
 PE CALC S =    0.000                          CO2 TOT =  6.540705E-04
 PE CALC DOX=  0.000         IONIC STRENGTH    DENSITY =   1.0000
 PE SATO DOX=  0.000          1.034443E-03     TDS =      77.3MG/L
 TOT ALK =  5.267E-01 MEQ                      CARB ALK =  5.263E-01 MEQ
 ELECT   = -2.220E-06 MEQ                      CHARGE IMBALANCE =   -0.0%

 IN COMPUTING THE DISTRIBUTION OF SPECIES,
 PE =   0.000     EQUIVALENT EH =  0.000VOLTS





                         -----------------------
                         DISTRIBUTION OF SPECIES
                         -----------------------

  I  SPECIES         MOLALITY   ACTIVITY    LOG ACT    GAMMA

   1 H+       1.    1.0347E-07  1.0000E-07  -7.000  9.6646E-01
   2 E-      -1.    1.0000E+00  1.0000E+00   0.000  1.0000E+00
   4 Ca+2     2.    2.1044E-04  1.8268E-04  -3.738  8.6805E-01
   5 Mg+2     2.    3.8335E-05  3.3303E-05  -4.478  8.6873E-01
   6 Na+      1.    1.8502E-04  1.7854E-04  -3.748  9.6497E-01
   7 K+       1.    3.1318E-05  3.0211E-05  -4.520  9.6466E-01
  13 H4SiO4   0.    3.5659E-04  3.5668E-04  -3.448  1.0002E+00
  14 Cl-     -1.    4.9506E-05  4.7757E-05  -4.321  9.6466E-01
  15 CO3-2   -2.    2.2866E-07  1.9853E-07  -6.702  8.6820E-01
  16 SO4-2   -2.    7.0174E-05  6.0885E-05  -4.215  8.6762E-01
  31 OH-     -1.    5.5191E-08  5.3239E-08  -7.274  9.6462E-01
  33 H2 AQ    0.    7.6815E-18  7.6833E-18 -17.114  1.0002E+00
  34 HCO3-   -1.    5.2442E-04  5.0622E-04  -3.296  9.6528E-01
  35 H2CO3    0.    1.2805E-04  1.2809E-04  -3.893  1.0002E+00
  40 HSO4-   -1.    5.1831E-10  5.0007E-10  -9.301  9.6481E-01
  75 CaOH+    1.    3.1421E-10  3.0316E-10  -9.518  9.6481E-01
  76 CaCO3    0.    5.3174E-08  5.3187E-08  -7.274  1.0002E+00
  77 CaHCO3+  1.    1.0572E-06  1.0205E-06  -5.991  9.6528E-01
  78 CaSO4    0.    2.0547E-06  2.0551E-06  -5.687  1.0002E+00
  79 CaHSO4   1.    1.3482E-12  1.3007E-12 -11.886  9.6481E-01
  85 MgOH+    1.    6.0660E-10  5.8526E-10  -9.233  9.6481E-01
  86 MgCO3    0.    5.5782E-09  5.5796E-09  -8.253  1.0002E+00
  87 MgHCO3+  1.    1.9865E-07  1.9166E-07  -6.717  9.6481E-01
  88 MgSO4    0.    3.8453E-07  3.8462E-07  -6.415  1.0002E+00
  93 NaOH     0.    1.1793E-11  1.1796E-11 -10.928  1.0002E+00
  94 NaCO3-  -1.    4.5190E-10  4.3600E-10  -9.361  9.6481E-01
  95 NaHCO3   0.    5.0168E-08  5.0180E-08  -7.299  1.0002E+00
  96 NaSO4-  -1.    5.3601E-08  5.1715E-08  -7.286  9.6481E-01
  99 KOH      0.    1.0472E-12  1.0475E-12 -11.980  1.0002E+00
 100 KSO4-   -1.    1.1606E-08  1.1197E-08  -7.951  9.6481E-01
 164 H3SiO4- -1.    4.0653E-07  3.9223E-07  -6.406  9.6481E-01
 165 H2SiO4-2-2.    1.7828E-13  1.5448E-13 -12.811  8.6651E-01





      PHASE      IAP       KT      LOG IAP  LOG KT    IAP/KT  LOG IAP/KT

   1 Calcite  3.627E-11 3.639E-09  -10.441   -8.439  9.966E-03   -2.001
   2 Aragonit 3.627E-11 5.137E-09  -10.441   -8.289  7.060E-03   -2.151
   3 Dolomite 2.398E-22 1.261E-17  -21.620  -16.899  1.901E-05   -4.721
   8 Gypsum   1.112E-08 2.613E-05   -7.954   -4.583  4.255E-04   -3.371
   9 Anhydrit 1.112E-08 4.596E-05   -7.954   -4.338  2.420E-04   -3.616
  14 SiO2 (a) 3.567E-04 1.662E-03   -3.448   -2.779  2.146E-01   -0.668
  15 Chalcedy 3.567E-04 2.255E-04   -3.448   -3.647  1.582E+00    0.199
  16 Quartz   3.567E-04 7.917E-05   -3.448   -4.101  4.506E+00    0.654
  26 Talc     5.979E+14 2.167E+22   14.777   22.336  2.759E-08   -7.559
  28 Chrysotl 4.699E+21 1.656E+33   21.672   33.219  2.838E-12  -11.547
  29 Sepiol c 5.033E+08 9.468E+15    8.702   15.976  5.316E-08   -7.274
  30 Sepiol d 5.033E+08 4.571E+18    8.702   18.660  1.101E-10   -9.958
  42 PCO2     1.281E-04 4.287E-02   -3.893   -1.368  2.988E-03   -2.525
  44 H2 gas   7.683E-18 7.683E-04  -17.114   -3.114  1.000E-14  -14.000



1C-083B                                                                          





                              ----------------
                              INITIAL SOLUTION
                              ----------------



          TEMPERATURE =  20.30 DEGREES C    PH =  7.150
          ANALYTICAL EPMCAT =    2.442    ANALYTICAL EPMAN =    2.442


     ***** OXIDATION - REDUCTION *****


 DISSOLVED OXYGEN =  0.000 MMOLES/KG H2O
 EH MEASURED WITH CALOMEL =  9.9000 VOLTS         FLAG CORALK PECALC IDAVES
 MEASURED EH OF ZOBELL SOLUTION =  9.9000 VOLTS     4    0      1      0
 CORRECTED EH =  0.0000 VOLTS
 PE COMPUTED FROM CORRECTED EH =   0.000




               *** TOTAL CONCENTRATIONS OF INPUT SPECIES ***

                         TOTAL             LOG TOTAL            TOTAL
        SPECIES        MOLALITY            MOLALITY           MG/LITRE
        -------        --------            --------           --------

        Ca+2      2.0  6.01889E-04           -3.2205         2.41184E+01
        Mg+2      2.0  7.40028E-05           -4.1308         1.79876E+00
        Na+       1.0  1.07057E-03           -2.9704         2.46068E+01
        K+        1.0  1.97341E-05           -4.7048         7.71471E-01
        Fe+2      2.0  1.97341E-07           -6.7048         1.10184E-02
        H4SiO4    0.0  6.00000E-04           -3.2218         3.60429E+01
        Cl-      -1.0  1.62156E-04           -3.7901         5.74765E+00
        HCO3-    -1.0  1.62156E-03           -2.7901         9.89214E+01
        SO4-2    -2.0  2.93908E-04           -3.5318         2.82270E+01
        NO3-     -1.0  7.09433E-05           -4.1491         9.93462E-01
        H3BO3     0.0  3.00000E-06           -5.5229         3.24228E-02







 C-083B                                                                          








                      ****DESCRIPTION OF SOLUTION ****

          ANALYT.   COMP.         PH           ACTIVITY H2O =  0.9999
 EPMCAT     2.44      2.39       7.150         PCO2=  6.606195E-03
 EPMAN      2.44      2.39                     LOG PCO2 =  -2.1800
                              TEMPERATURE      PO2 =  7.218439E-57
 EH = 0.0000  PE =   0.000     20.30 DEG C     PCH4 =  1.756977E-36
 PE CALC S =    0.000                          CO2 TOT =  1.874960E-03
 PE CALC DOX=  0.000         IONIC STRENGTH    DENSITY =   1.0000
 PE SATO DOX=  0.000          3.306589E-03     TDS =     221.3MG/L
 TOT ALK =  1.622E+00 MEQ                      CARB ALK =  1.620E+00 MEQ
 ELECT   =  8.904E-06 MEQ                      CHARGE IMBALANCE =    0.0%

 IN COMPUTING THE DISTRIBUTION OF SPECIES,
 PE =   0.000     EQUIVALENT EH =  0.000VOLTS





                         -----------------------
                         DISTRIBUTION OF SPECIES
                         -----------------------

  I  SPECIES         MOLALITY   ACTIVITY    LOG ACT    GAMMA

   1 H+       1.    7.4976E-08  7.0795E-08  -7.150  9.4423E-01
   2 E-      -1.    1.0000E+00  1.0000E+00   0.000  1.0000E+00
   4 Ca+2     2.    5.7448E-04  4.5006E-04  -3.347  7.8342E-01
   5 Mg+2     2.    7.0494E-05  5.5356E-05  -4.257  7.8527E-01
   6 Na+      1.    1.0686E-03  1.0045E-03  -2.998  9.4003E-01
   7 K+       1.    1.9707E-05  1.8507E-05  -4.733  9.3908E-01
   8 Fe+2     2.    1.6824E-07  1.3219E-07  -6.879  7.8569E-01
  13 H4SiO4   0.    5.9888E-04  5.9933E-04  -3.222  1.0008E+00
  14 Cl-     -1.    1.6216E-04  1.5228E-04  -3.817  9.3908E-01
  15 CO3-2   -2.    1.1550E-06  9.0525E-07  -6.043  7.8375E-01
  16 SO4-2   -2.    2.7207E-04  2.1281E-04  -3.672  7.8219E-01
  17 NO3-    -1.    1.1672E-19  1.0953E-19 -18.960  9.3845E-01
  18 H3BO3    0.    2.9764E-06  2.9786E-06  -5.526  1.0008E+00
  31 OH-     -1.    1.0459E-07  9.8210E-08  -7.008  9.3898E-01
  33 H2 AQ    0.    3.7181E-18  3.7209E-18 -17.429  1.0008E+00
  34 HCO3-   -1.    1.6063E-03  1.5114E-03  -2.821  9.4090E-01
  35 H2CO3    0.    2.5642E-04  2.5662E-04  -3.591  1.0008E+00
  40 HSO4-   -1.    1.4098E-09  1.3246E-09  -8.878  9.3959E-01
  48 NO2-    -1.    7.0943E-05  6.6577E-05  -4.177  9.3845E-01
  57 H2BO3-  -1.    2.3617E-08  2.2191E-08  -7.654  9.3959E-01
  75 CaOH+    1.    1.1228E-09  1.0549E-09  -8.977  9.3959E-01
  76 CaCO3    0.    6.2746E-07  6.2794E-07  -6.202  1.0008E+00
  77 CaHCO3+  1.    8.5202E-06  8.0166E-06  -5.096  9.4090E-01
  78 CaSO4    0.    1.8262E-05  1.8276E-05  -4.738  1.0008E+00
  79 CaHSO4   1.    8.4395E-12  7.9297E-12 -11.101  9.3959E-01
  85 MgOH+    1.    1.9822E-09  1.8624E-09  -8.730  9.3959E-01
  86 MgCO3    0.    4.4455E-08  4.4489E-08  -7.352  1.0008E+00
  87 MgHCO3+  1.    1.0227E-06  9.6090E-07  -6.017  9.3959E-01
  88 MgSO4    0.    2.4401E-06  2.4420E-06  -5.612  1.0008E+00
  93 NaOH     0.    9.3669E-11  9.3740E-11 -10.028  1.0008E+00
  94 NaCO3-  -1.    1.4164E-08  1.3308E-08  -7.876  9.3959E-01
  95 NaHCO3   0.    8.4958E-07  8.5023E-07  -6.070  1.0008E+00
  96 NaSO4-  -1.    1.1063E-06  1.0394E-06  -5.983  9.3959E-01
  99 KOH      0.    9.0565E-13  9.0634E-13 -12.043  1.0008E+00
 100 KSO4-   -1.    2.7097E-08  2.5460E-08  -7.594  9.3959E-01
 102 FeOH+    1.    4.3978E-10  4.1322E-10  -9.384  9.3959E-01
 105 FeCl+    1.    2.9572E-11  2.7786E-11 -10.556  9.3959E-01
 106 FeCO3    0.    2.8683E-09  2.8705E-09  -8.542  1.0008E+00
 107 FeHCO3+  1.    2.1175E-08  1.9896E-08  -7.701  9.3959E-01
 108 FeSO4    0.    4.5806E-09  4.5841E-09  -8.339  1.0008E+00
 109 FeHSO4+  1.    2.4788E-15  2.3290E-15 -14.633  9.3959E-01
 115 Fe+3     3.    1.6286E-20  9.7171E-21 -20.012  5.9664E-01
 117 FeOH+2   2.    8.5833E-16  6.6897E-16 -15.175  7.7939E-01
 118 FeOH2+   1.    2.7783E-12  2.6104E-12 -11.583  9.3959E-01
 119 FeOH3    0.    3.8543E-12  3.8573E-12 -11.414  1.0008E+00
 120 FeOH4-  -1.    4.3647E-14  4.1010E-14 -13.387  9.3959E-01
 121 Fe2OH2+4 4.    3.9765E-29  1.4673E-29 -28.833  3.6899E-01
 122 Fe3OH4+5 5.    5.9039E-38  1.2433E-38 -37.905  2.1060E-01
 123 FeCl+2   2.    4.9281E-23  3.8409E-23 -22.416  7.7939E-01
 124 FeCl2+   1.    3.2350E-26  3.0396E-26 -25.517  9.3959E-01
 125 FeCl3    0.    4.6251E-31  4.6286E-31 -30.335  1.0008E+00
 126 FeSO4+   1.    2.1711E-20  2.0400E-20 -19.690  9.3959E-01
 127 FeHSO4+2 2.    7.1684E-27  5.5869E-27 -26.253  7.7939E-01
 128 FeSO42- -1.    9.9215E-23  9.3221E-23 -22.030  9.3959E-01
 164 H3SiO4- -1.    1.1224E-06  1.0546E-06  -5.977  9.3959E-01
 165 H2SiO4-2-2.    9.4911E-13  7.3972E-13 -12.131  7.7939E-01





      PHASE      IAP       KT      LOG IAP  LOG KT    IAP/KT  LOG IAP/KT

   1 Calcite  4.074E-10 3.509E-09   -9.390   -8.455  1.161E-01   -0.935
   2 Aragonit 4.074E-10 4.925E-09   -9.390   -8.308  8.272E-02   -1.082
   3 Dolomite 2.042E-20 1.049E-17  -19.690  -16.979  1.946E-03   -2.711
   4 Siderite 1.197E-13 1.378E-11  -12.922  -10.861  8.686E-03   -2.061
   8 Gypsum   9.576E-08 2.624E-05   -7.019   -4.581  3.649E-03   -2.438
   9 Anhydrit 9.578E-08 4.522E-05   -7.019   -4.345  2.118E-03   -2.674
  14 SiO2 (a) 5.994E-04 1.774E-03   -3.222   -2.751  3.379E-01   -0.471
  15 Chalcedy 5.994E-04 2.473E-04   -3.222   -3.607  2.424E+00    0.385
  16 Quartz   5.994E-04 8.898E-05   -3.222   -4.051  6.737E+00    0.828
  26 Talc     1.739E+17 8.774E+21   17.240   21.943  1.982E-05   -4.703
  28 Chrysotl 4.840E+23 6.203E+32   23.685   32.793  7.802E-10   -9.108
  29 Sepiol c 2.626E+10 7.685E+15   10.419   15.886  3.418E-06   -5.466
  30 Sepiol d 2.626E+10 4.571E+18   10.419   18.660  5.746E-09   -8.241
  31 Hematite 7.498E+02 2.260E-04    2.875   -3.646  3.318E+06    6.521
  32 Goethite 2.738E+01 6.761E-02    1.437   -1.170  4.050E+02    2.607
  33 Fe(OH)3a 2.738E+01 7.780E+04    1.437    4.891  3.519E-04   -3.454
  42 PCO2     2.566E-04 3.884E-02   -3.591   -1.411  6.606E-03   -2.180
  44 H2 gas   3.721E-18 7.424E-04  -17.429   -3.129  5.012E-15  -14.300
  49 Melanter 2.811E-11 5.397E-03  -10.551   -2.268  5.209E-09   -8.283
  51 K-Jarosi 6.105E-30 1.436E-09  -29.214   -8.843  4.251E-21  -20.372



1B-026                                                                           





                              ----------------
                              INITIAL SOLUTION
                              ----------------



          TEMPERATURE =  23.00 DEGREES C    PH =  7.440
          ANALYTICAL EPMCAT =    4.576    ANALYTICAL EPMAN =    4.576


     ***** OXIDATION - REDUCTION *****


 DISSOLVED OXYGEN =  0.000 MMOLES/KG H2O
 EH MEASURED WITH CALOMEL =  9.9000 VOLTS         FLAG CORALK PECALC IDAVES
 MEASURED EH OF ZOBELL SOLUTION =  9.9000 VOLTS     4    0      1      0
 CORRECTED EH =  0.0000 VOLTS
 PE COMPUTED FROM CORRECTED EH =   0.000




               *** TOTAL CONCENTRATIONS OF INPUT SPECIES ***

                         TOTAL             LOG TOTAL            TOTAL
        SPECIES        MOLALITY            MOLALITY           MG/LITRE
        -------        --------            --------           --------

        Ca+2      2.0  1.39986E-03           -2.8539         5.60857E+01
        Mg+2      2.0  1.79712E-04           -3.7454         4.36754E+00
        Na+       1.0  1.38094E-03           -2.8598         3.17359E+01
        K+        1.0  3.59424E-05           -4.4444         1.40490E+00
        Fe+2      2.0  5.67511E-08           -7.2460         3.16821E-03
        Ba+2      2.0  8.70184E-07           -6.0604         1.19467E-01
        H4SiO4    0.0  5.30000E-04           -3.2757         3.18332E+01
        Cl-      -1.0  5.81486E-04           -3.2355         2.06078E+01
        HCO3-    -1.0  2.96029E-03           -2.5287         1.80562E+02
        SO4-2    -2.0  4.12327E-04           -3.3848         3.95941E+01
        NO3-     -1.0  2.11450E-04           -3.6748         2.96062E+00
        H3BO3     0.0  6.00000E-06           -5.2218         6.48360E-02







 B-026                                                                           








                      ****DESCRIPTION OF SOLUTION ****

          ANALYT.   COMP.         PH           ACTIVITY H2O =  0.9999
 EPMCAT     4.58      4.41       7.440         PCO2=  6.222006E-03
 EPMAN      4.58      4.41                     LOG PCO2 =  -2.2061
                              TEMPERATURE      PO2 =  9.033935E-55
 EH = 0.0000  PE =   0.000     23.00 DEG C     PCH4 =  3.106005E-39
 PE CALC S =    0.000                          CO2 TOT =  3.171157E-03
 PE CALC DOX=  0.000         IONIC STRENGTH    DENSITY =   1.0000
 PE SATO DOX=  0.000          6.259174E-03     TDS =     369.3MG/L
 TOT ALK =  2.960E+00 MEQ                      CARB ALK =  2.958E+00 MEQ
 ELECT   =  5.897E-07 MEQ                      CHARGE IMBALANCE =    0.0%

 IN COMPUTING THE DISTRIBUTION OF SPECIES,
 PE =   0.000     EQUIVALENT EH =  0.000VOLTS





                         -----------------------
                         DISTRIBUTION OF SPECIES
                         -----------------------

  I  SPECIES         MOLALITY   ACTIVITY    LOG ACT    GAMMA

   1 H+       1.    3.9143E-08  3.6308E-08  -7.440  9.2758E-01
   2 E-      -1.    1.0000E+00  1.0000E+00   0.000  1.0000E+00
   4 Ca+2     2.    1.3134E-03  9.4799E-04  -3.023  7.2181E-01
   5 Mg+2     2.    1.6827E-04  1.2198E-04  -3.914  7.2488E-01
   6 Na+      1.    1.3772E-03  1.2676E-03  -2.897  9.2040E-01
   7 K+       1.    3.5880E-05  3.2963E-05  -4.482  9.1869E-01
   8 Fe+2     2.    4.3427E-08  3.1504E-08  -7.502  7.2543E-01
  11 Ba+2     2.    7.8230E-07  5.6333E-07  -6.249  7.2010E-01
  13 H4SiO4   0.    5.2782E-04  5.2859E-04  -3.277  1.0014E+00
  14 Cl-     -1.    5.8149E-04  5.3420E-04  -3.272  9.1869E-01
  15 CO3-2   -2.    4.5834E-06  3.3104E-06  -5.480  7.2225E-01
  16 SO4-2   -2.    3.5601E-04  2.5621E-04  -3.591  7.1968E-01
  17 NO3-    -1.    2.6214E-18  2.4052E-18 -17.619  9.1755E-01
  18 H3BO3    0.    5.9018E-06  5.9103E-06  -5.228  1.0014E+00
  31 OH-     -1.    2.5760E-07  2.3660E-07  -6.626  9.1849E-01
  33 H2 AQ    0.    9.5078E-19  9.5215E-19 -18.021  1.0014E+00
  34 HCO3-   -1.    2.8976E-03  2.6712E-03  -2.573  9.2188E-01
  35 H2CO3    0.    2.2347E-04  2.2379E-04  -3.650  1.0014E+00
  40 HSO4-   -1.    9.4178E-10  8.6611E-10  -9.062  9.1966E-01
  48 NO2-    -1.    2.1145E-04  1.9402E-04  -3.712  9.1755E-01
  57 H2BO3-  -1.    9.8181E-08  9.0293E-08  -7.044  9.1966E-01
  75 CaOH+    1.    4.7111E-09  4.3326E-09  -8.363  9.1966E-01
  76 CaCO3    0.    5.0645E-06  5.0718E-06  -5.295  1.0014E+00
  77 CaHCO3+  1.    3.3948E-05  3.1296E-05  -4.505  9.2188E-01
  78 CaSO4    0.    4.7491E-05  4.7559E-05  -4.323  1.0014E+00
  79 CaHSO4   1.    1.1214E-11  1.0313E-11 -10.987  9.1966E-01
  85 MgOH+    1.    1.1102E-08  1.0210E-08  -7.991  9.1966E-01
  86 MgCO3    0.    3.7312E-07  3.7366E-07  -6.428  1.0014E+00
  87 MgHCO3+  1.    4.1105E-06  3.7802E-06  -5.422  9.1966E-01
  88 MgSO4    0.    6.9458E-06  6.9558E-06  -5.158  1.0014E+00
  93 NaOH     0.    2.3030E-10  2.3063E-10  -9.637  1.0014E+00
  94 NaCO3-  -1.    7.6759E-08  7.0592E-08  -7.151  9.1966E-01
  95 NaHCO3   0.    1.9005E-06  1.9032E-06  -5.721  1.0014E+00
  96 NaSO4-  -1.    1.7475E-06  1.6071E-06  -5.794  9.1966E-01
  99 KOH      0.    3.1430E-12  3.1475E-12 -11.502  1.0014E+00
 100 KSO4-   -1.    6.2297E-08  5.7292E-08  -7.242  9.1966E-01
 102 FeOH+    1.    2.5664E-10  2.3603E-10  -9.627  9.1966E-01
 105 FeCl+    1.    2.5260E-11  2.3231E-11 -10.634  9.1966E-01
 106 FeCO3    0.    2.4981E-09  2.5017E-09  -8.602  1.0014E+00
 107 FeHCO3+  1.    9.1463E-09  8.4114E-09  -8.075  9.1966E-01
 108 FeSO4    0.    1.3815E-09  1.3835E-09  -8.859  1.0014E+00
 109 FeHSO4+  1.    3.7268E-16  3.4273E-16 -15.465  9.1966E-01
 115 Fe+3     3.    5.3002E-21  2.6943E-21 -20.570  5.0834E-01
 117 FeOH+2   2.    5.9483E-16  4.2550E-16 -15.371  7.1533E-01
 118 FeOH2+   1.    3.9089E-12  3.5948E-12 -11.444  9.1966E-01
 119 FeOH3    0.    1.1665E-11  1.1682E-11 -10.932  1.0014E+00
 120 FeOH4-  -1.    2.9422E-13  2.7058E-13 -12.568  9.1966E-01
 121 Fe2OH2+4 4.    2.0226E-29  5.2959E-30 -29.276  2.6183E-01
 122 Fe3OH4+5 5.    3.8873E-38  4.7897E-39 -38.320  1.2321E-01
 123 FeCl+2   2.    5.7006E-23  4.0778E-23 -22.390  7.1533E-01
 124 FeCl2+   1.    1.1278E-25  1.0372E-25 -24.984  9.1966E-01
 125 FeCl3    0.    5.5327E-30  5.5407E-30 -29.256  1.0014E+00
 126 FeSO4+   1.    7.8715E-21  7.2391E-21 -20.140  9.1966E-01
 127 FeHSO4+2 2.    1.1493E-27  8.2216E-28 -27.085  7.1533E-01
 128 FeSO42- -1.    4.3776E-23  4.0259E-23 -22.395  9.1966E-01
 164 H3SiO4- -1.    2.1753E-06  2.0006E-06  -5.699  9.1966E-01
 165 H2SiO4-2-2.    4.5927E-12  3.2853E-12 -11.483  7.1533E-01
 170 BaOH+    1.    5.7158E-13  5.2566E-13 -12.279  9.1966E-01
 171 BaCO3    0.    9.2415E-10  9.2549E-10  -9.034  1.0014E+00
 172 BaHCO3+  1.    1.4727E-08  1.3544E-08  -7.868  9.1966E-01
 173 BaSO4    0.    7.2233E-08  7.2337E-08  -7.141  1.0014E+00





      PHASE      IAP       KT      LOG IAP  LOG KT    IAP/KT  LOG IAP/KT

   1 Calcite  3.138E-09 3.398E-09   -8.503   -8.469  9.236E-01   -0.035
   2 Aragonit 3.138E-09 4.747E-09   -8.503   -8.324  6.611E-01   -0.180
   3 Dolomite 1.267E-18 9.051E-18  -17.897  -17.043  1.400E-01   -0.854
   4 Siderite 1.043E-13 1.325E-11  -12.982  -10.878  7.870E-03   -2.104
   7 Witherit 1.865E-12 2.717E-09  -11.729   -8.566  6.862E-04   -3.164
   8 Gypsum   2.428E-07 2.626E-05   -6.615   -4.581  9.245E-03   -2.034
   9 Anhydrit 2.429E-07 4.436E-05   -6.615   -4.353  5.476E-03   -2.262
  11 Barite   1.443E-10 9.947E-11   -9.841  -10.002  1.451E+00    0.162
  14 SiO2 (a) 5.287E-04 1.869E-03   -3.277   -2.728  2.829E-01   -0.548
  15 Chalcedy 5.287E-04 2.662E-04   -3.277   -3.575  1.986E+00    0.298
  16 Quartz   5.287E-04 9.771E-05   -3.277   -4.010  5.411E+00    0.733
  26 Talc     6.187E+19 4.251E+21   19.792   21.628  1.456E-02   -1.837
  28 Chrysotl 2.213E+26 2.822E+32   26.345   32.451  7.842E-07   -6.106
  29 Sepiol c 1.265E+12 6.501E+15   12.102   15.813  1.945E-04   -3.711
  30 Sepiol d 1.265E+12 4.571E+18   12.102   18.660  2.766E-07   -6.558
  31 Hematite 3.167E+03 1.395E-04    3.501   -3.855  2.270E+07    7.356
  32 Goethite 5.628E+01 8.479E-02    1.750   -1.072  6.638E+02    2.822
  33 Fe(OH)3a 5.627E+01 7.780E+04    1.750    4.891  7.232E-04   -3.141
  42 PCO2     2.238E-04 3.597E-02   -3.650   -1.444  6.222E-03   -2.206
  44 H2 gas   9.522E-19 7.223E-04  -18.021   -3.141  1.318E-15  -14.880
  49 Melanter 8.064E-12 5.838E-03  -11.093   -2.234  1.381E-09   -8.860
  51 K-Jarosi 1.846E-29 8.807E-10  -28.734   -9.055  2.096E-20  -19.679



1Parker                                                                          





                              ----------------
                              INITIAL SOLUTION
                              ----------------



          TEMPERATURE =  21.80 DEGREES C    PH =  6.430
          ANALYTICAL EPMCAT =    2.317    ANALYTICAL EPMAN =    2.316


     ***** OXIDATION - REDUCTION *****


 DISSOLVED OXYGEN =  0.000 MMOLES/KG H2O
 EH MEASURED WITH CALOMEL =  9.9000 VOLTS         FLAG CORALK PECALC IDAVES
 MEASURED EH OF ZOBELL SOLUTION =  9.9000 VOLTS     4    0      1      0
 CORRECTED EH =  0.0000 VOLTS
 PE COMPUTED FROM CORRECTED EH =   0.000




               *** TOTAL CONCENTRATIONS OF INPUT SPECIES ***

                         TOTAL             LOG TOTAL            TOTAL
        SPECIES        MOLALITY            MOLALITY           MG/LITRE
        -------        --------            --------           --------

        Ca+2      2.0  2.94062E-04           -3.5316         1.17835E+01
        Mg+2      2.0  1.37229E-04           -3.8626         3.33559E+00
        Na+       1.0  1.43110E-03           -2.8443         3.28936E+01
        K+        1.0  2.15646E-05           -4.6663         8.43034E-01
        Fe+2      2.0  6.86145E-07           -6.1636         3.83108E-02
        Ba+2      2.0  1.17625E-07           -6.9295         1.61511E-02
        H4SiO4    0.0  6.48000E-04           -3.1884         3.89265E+01
        Cl-      -1.0  1.80574E-04           -3.7433         6.40050E+00
        HCO3-    -1.0  1.83635E-03           -2.7360         1.12025E+02
        SO4-2    -2.0  9.18173E-05           -4.0371         8.81820E+00
        NO3-     -1.0  3.77471E-05           -4.4231         5.28598E-01
        H3BO3     0.0  6.00000E-06           -5.2218         6.48459E-02
        F-       -1.0  7.85548E-05           -4.1048         1.49209E+00







 Parker                                                                          








                      ****DESCRIPTION OF SOLUTION ****

          ANALYT.   COMP.         PH           ACTIVITY H2O =  0.9999
 EPMCAT     2.32      2.30       6.430         PCO2=  4.045049E-02
 EPMAN      2.32      2.30                     LOG PCO2 =  -1.3931
                              TEMPERATURE      PO2 =  3.171459E-59
 EH = 0.0000  PE =   0.000     21.80 DEG C     PCH4 =  3.673378E-30
 PE CALC S =    0.000                          CO2 TOT =  3.340111E-03
 PE CALC DOX=  0.000         IONIC STRENGTH    DENSITY =   1.0000
 PE SATO DOX=  0.000          2.804211E-03     TDS =     217.2MG/L
 TOT ALK =  1.836E+00 MEQ                      CARB ALK =  1.837E+00 MEQ
 ELECT   = -3.107E-07 MEQ                      CHARGE IMBALANCE =   -0.0%

 IN COMPUTING THE DISTRIBUTION OF SPECIES,
 PE =   0.000     EQUIVALENT EH =  0.000VOLTS





                         -----------------------
                         DISTRIBUTION OF SPECIES
                         -----------------------

  I  SPECIES         MOLALITY   ACTIVITY    LOG ACT    GAMMA

   1 H+       1.    3.9199E-07  3.7154E-07  -6.430  9.4783E-01
   2 E-      -1.    1.0000E+00  1.0000E+00   0.000  1.0000E+00
   4 Ca+2     2.    2.8577E-04  2.2774E-04  -3.643  7.9694E-01
   5 Mg+2     2.    1.3287E-04  1.0611E-04  -3.974  7.9857E-01
   6 Na+      1.    1.4292E-03  1.3495E-03  -2.870  9.4417E-01
   7 K+       1.    2.1555E-05  2.0334E-05  -4.692  9.4335E-01
   8 Fe+2     2.    5.9129E-07  4.7241E-07  -6.326  7.9896E-01
  11 Ba+2     2.    1.1308E-07  9.0021E-08  -7.046  7.9610E-01
  13 H4SiO4   0.    6.4776E-04  6.4818E-04  -3.188  1.0006E+00
  14 Cl-     -1.    1.8057E-04  1.7035E-04  -3.769  9.4335E-01
  15 CO3-2   -2.    2.5557E-07  2.0375E-07  -6.691  7.9725E-01
  16 SO4-2   -2.    8.6694E-05  6.8999E-05  -4.161  7.9589E-01
  17 NO3-    -1.    3.3024E-21  3.1135E-21 -20.507  9.4281E-01
  18 H3BO3    0.    5.9905E-06  5.9944E-06  -5.222  1.0006E+00
  20 F-      -1.    7.7802E-05  7.3387E-05  -4.134  9.4326E-01
  31 OH-     -1.    2.2330E-08  2.1063E-08  -7.676  9.4326E-01
  33 H2 AQ    0.    1.0086E-16  1.0092E-16 -15.996  1.0006E+00
  34 HCO3-   -1.    1.8271E-03  1.7265E-03  -2.763  9.4493E-01
  35 H2CO3    0.    1.5040E-03  1.5049E-03  -2.822  1.0006E+00
  40 HSO4-   -1.    2.4650E-09  2.3264E-09  -8.633  9.4378E-01
  48 NO2-    -1.    3.7747E-05  3.5588E-05  -4.449  9.4281E-01
  57 H2BO3-  -1.    9.2733E-09  8.7520E-09  -8.058  9.4378E-01
  58 BFOH3-  -1.    1.7938E-10  1.6930E-10  -9.771  9.4378E-01
  59 BF2OH2- -1.    5.2638E-13  4.9679E-13 -12.304  9.4378E-01
  60 BF3OH-  -1.    1.6698E-17  1.5759E-17 -16.802  9.4378E-01
  61 BF4-    -1.    1.8629E-21  1.7581E-21 -20.755  9.4378E-01
  69 HF AQ    0.    3.8592E-08  3.8617E-08  -7.413  1.0006E+00
  70 HF2-    -1.    1.1225E-11  1.0594E-11 -10.975  9.4378E-01
  75 CaOH+    1.    1.0778E-10  1.0172E-10  -9.993  9.4378E-01
  76 CaCO3    0.    7.3328E-08  7.3376E-08  -7.134  1.0006E+00
  77 CaHCO3+  1.    5.0386E-06  4.7611E-06  -5.322  9.4493E-01
  78 CaSO4    0.    3.0400E-06  3.0420E-06  -5.517  1.0006E+00
  79 CaHSO4   1.    7.2345E-12  6.8278E-12 -11.166  9.4378E-01
  83 CaF+     1.    1.4303E-07  1.3499E-07  -6.870  9.4378E-01
  85 MgOH+    1.    8.2573E-10  7.7931E-10  -9.108  9.4378E-01
  86 MgCO3    0.    1.9629E-08  1.9641E-08  -7.707  1.0006E+00
  87 MgHCO3+  1.    2.2415E-06  2.1155E-06  -5.675  9.4378E-01
  88 MgSO4    0.    1.5781E-06  1.5791E-06  -5.802  1.0006E+00
  92 MgF+     1.    5.1411E-07  4.8521E-07  -6.314  9.4378E-01
  93 NaOH     0.    2.3979E-11  2.3994E-11 -10.620  1.0006E+00
  94 NaCO3-  -1.    4.6082E-09  4.3491E-09  -8.362  9.4378E-01
  95 NaHCO3   0.    1.3071E-06  1.3079E-06  -5.883  1.0006E+00
  96 NaSO4-  -1.    4.8442E-07  4.5719E-07  -6.340  9.4378E-01
  98 NaF aq   0.    5.6951E-08  5.6987E-08  -7.244  1.0006E+00
  99 KOH      0.    1.8962E-13  1.8975E-13 -12.722  1.0006E+00
 100 KSO4-   -1.    9.8721E-09  9.3171E-09  -8.031  9.4378E-01
 102 FeOH+    1.    3.3453E-10  3.1572E-10  -9.501  9.4378E-01
 105 FeCl+    1.    1.1770E-10  1.1108E-10  -9.954  9.4378E-01
 106 FeCO3    0.    2.3075E-09  2.3090E-09  -8.637  1.0006E+00
 107 FeHCO3+  1.    8.6272E-08  8.1422E-08  -7.089  9.4378E-01
 108 FeSO4    0.    5.4600E-09  5.4636E-09  -8.263  1.0006E+00
 109 FeHSO4+  1.    1.5007E-14  1.4163E-14 -13.849  9.4378E-01
 114 FeF+     1.    3.6734E-10  3.4669E-10  -9.460  9.4378E-01
 115 Fe+3     3.    6.1203E-20  3.7787E-20 -19.423  6.1740E-01
 117 FeOH+2   2.    6.8407E-16  5.4273E-16 -15.265  7.9339E-01
 118 FeOH2+   1.    4.5330E-13  4.2782E-13 -12.369  9.4378E-01
 119 FeOH3    0.    1.2873E-13  1.2882E-13 -12.890  1.0006E+00
 120 FeOH4-  -1.    2.9417E-16  2.7763E-16 -15.557  9.4378E-01
 121 Fe2OH2+4 4.    2.2871E-29  9.0620E-30 -29.043  3.9622E-01
 123 FeCl+2   2.    2.2113E-22  1.7544E-22 -21.756  7.9339E-01
 124 FeCl2+   1.    1.5672E-25  1.4791E-25 -24.830  9.4378E-01
 125 FeCl3    0.    2.5180E-30  2.5196E-30 -29.599  1.0006E+00
 126 FeSO4+   1.    2.8198E-20  2.6613E-20 -19.575  9.4378E-01
 127 FeHSO4+2 2.    4.2823E-26  3.3975E-26 -25.469  7.9339E-01
 128 FeSO42- -1.    4.2031E-23  3.9668E-23 -22.402  9.4378E-01
 131 FeF+2    2.    5.2724E-18  4.1830E-18 -17.379  7.9339E-01
 132 FeF2+    1.    1.2461E-17  1.1760E-17 -16.930  9.4378E-01
 133 FeF3     0.    1.3520E-18  1.3529E-18 -17.869  1.0006E+00
 164 H3SiO4- -1.    2.4328E-07  2.2961E-07  -6.639  9.4378E-01
 165 H2SiO4-2-2.    4.2847E-14  3.3994E-14 -13.469  7.9339E-01
 166 SiF6-2  -2.    4.9594E-24  3.9347E-24 -23.405  7.9339E-01
 170 BaOH+    1.    8.6981E-15  8.2091E-15 -14.086  9.4378E-01
 171 BaCO3    0.    8.8802E-12  8.8859E-12 -11.051  1.0006E+00
 172 BaHCO3+  1.    1.4273E-09  1.3470E-09  -8.871  9.4378E-01
 173 BaSO4    0.    3.1110E-09  3.1130E-09  -8.507  1.0006E+00





      PHASE      IAP       KT      LOG IAP  LOG KT    IAP/KT  LOG IAP/KT

   1 Calcite  4.640E-11 3.448E-09  -10.333   -8.462  1.346E-02   -1.871
   2 Aragonit 4.640E-11 4.827E-09  -10.333   -8.316  9.614E-03   -2.017
   3 Dolomite 1.003E-21 9.661E-18  -20.999  -17.015  1.038E-04   -3.984
   4 Siderite 9.625E-14 1.348E-11  -13.017  -10.870  7.140E-03   -2.146
   7 Witherit 1.834E-14 2.697E-09  -13.737   -8.569  6.800E-06   -5.168
   8 Gypsum   1.571E-08 2.626E-05   -7.804   -4.581  5.982E-04   -3.223
   9 Anhydrit 1.571E-08 4.477E-05   -7.804   -4.349  3.510E-04   -3.455
  11 Barite   6.211E-12 9.503E-11  -11.207  -10.022  6.536E-02   -1.185
  13 Fluorite 1.227E-12 2.303E-11  -11.911  -10.638  5.325E-02   -1.274
  14 SiO2 (a) 6.483E-04 1.826E-03   -3.188   -2.738  3.550E-01   -0.450
  15 Chalcedy 6.483E-04 2.577E-04   -3.188   -3.589  2.516E+00    0.401
  16 Quartz   6.483E-04 9.375E-05   -3.188   -4.028  6.916E+00    0.840
  26 Talc     8.021E+13 5.856E+21   13.904   21.768  1.370E-08   -7.863
  28 Chrysotl 1.908E+20 3.998E+32   20.281   32.602  4.773E-13  -12.321
  29 Sepiol c 1.609E+08 7.000E+15    8.207   15.845  2.299E-08   -7.638
  30 Sepiol d 1.609E+08 4.571E+18    8.207   18.660  3.521E-11  -10.453
  31 Hematite 5.427E-01 1.727E-04   -0.265   -3.763  3.142E+03    3.497
  32 Goethite 7.366E-01 7.671E-02   -0.133   -1.115  9.603E+00    0.982
  33 Fe(OH)3a 7.365E-01 7.780E+04   -0.133    4.891  9.467E-06   -5.024
  42 PCO2     1.505E-03 3.720E-02   -2.822   -1.429  4.045E-02   -1.393
  44 H2 gas   1.009E-16 7.311E-04  -15.996   -3.136  1.380E-13  -12.860
  49 Melanter 3.257E-11 5.640E-03  -10.487   -2.249  5.775E-09   -8.238
  51 K-Jarosi 1.984E-33 1.093E-09  -32.702   -8.961  1.815E-24  -23.741
